     0  6.133319818517095001e+01  8.2798836811e-03  4.2821708174e-02
     1  8.359782026717893189e+01  8.2797472785e-03  4.2821455115e-02
     2  1.058626558701631808e+02  8.2794953448e-03  4.2822056143e-02
     3  1.281276049506785455e+02  8.2792038645e-03  4.2823188519e-02
     4  1.503926274654313033e+02  8.2789520104e-03  4.2824467697e-02
     5  1.726577157317747435e+02  8.2788119279e-03  4.2825497565e-02
     6  1.949228625847934495e+02  8.2788377621e-03  4.2825920166e-02
     7  2.171880281162734434e+02  8.2790533586e-03  4.2825466751e-02
     8  2.394531080656396682e+02  8.2794382999e-03  4.2824012928e-02
     9  2.617179081549111288e+02  8.2799120840e-03  4.2821655281e-02
    10  2.839821297289613540e+02  8.2803184017e-03  4.2818894993e-02
    11  3.062453726188266501e+02  8.2804368905e-03  4.2816852635e-02
    12  3.285071744397438351e+02  8.2800811706e-03  4.2816434584e-02
    13  3.507671048828138396e+02  8.2791792997e-03  4.2817752785e-02
    14  3.730248711149258156e+02  8.2777549023e-03  4.2820848672e-02
    15  3.952803975368104830e+02  8.2759108937e-03  4.2825649425e-02
    16  4.175338596420527892e+02  8.2738058057e-03  4.2831841888e-02
    17  4.397856621290743533e+02  8.2716181203e-03  4.2838936868e-02
    18  4.620363801134275263e+02  8.2695194428e-03  4.2846366611e-02
    19  4.842866920061046017e+02  8.2676634335e-03  4.2853542517e-02
    20  5.065373195697098367e+02  8.2661820891e-03  4.2859877756e-02
    21  5.287889726594781905e+02  8.2651771240e-03  4.2864814458e-02
    22  5.510422869566551753e+02  8.2647003827e-03  4.2867894723e-02
    23  5.732977482003761907e+02  8.2647302228e-03  4.2868880361e-02
    24  5.955556155040193289e+02  8.2651625875e-03  4.2867868561e-02
    25  6.178158760880796763e+02  8.2658315167e-03  4.2865318254e-02
    26  6.400782607372397024e+02  8.2665526049e-03  4.2861944895e-02
    27  6.623423188150026135e+02  8.2671668766e-03  4.2858527660e-02
    28  6.846075214477027657e+02  8.2675677013e-03  4.2855719335e-02
    29  7.068733563576736287e+02  8.2677081974e-03  4.2853928649e-02
    30  7.291393927215787016e+02  8.2675952748e-03  4.2853292406e-02
    31  7.514053116979165452e+02  8.2672772214e-03  4.2853712553e-02
    32  7.736709085938633734e+02  8.2668294766e-03  4.2854921726e-02
    33  7.959360759452499678e+02  8.2663410017e-03  4.2856551858e-02
    34  8.182007760201604469e+02  8.2659020990e-03  4.2858195307e-02
    35  8.404650090424179325e+02  8.2655935400e-03  4.2859457137e-02
    36  8.627287813465937916e+02  8.2654764019e-03  4.2860000779e-02
    37  8.849920764565000582e+02  8.2655820250e-03  4.2859589422e-02
    38  9.072548318890650307e+02  8.2659019243e-03  4.2858124156e-02
    39  9.295169250504129650e+02  8.2663781481e-03  4.2855680995e-02
    40  9.517781721179875376e+02  8.2668955117e-03  4.2852565111e-02
    41  9.740383429144752654e+02  8.2672814383e-03  4.2849433109e-02
    42  9.962971930358023656e+02  8.2673374332e-03  4.2847309122e-02
    43  1.018554518167239394e+03  8.2669213347e-03  4.2846883756e-02
    44  1.040810224566851048e+03  8.2659948775e-03  4.2848153801e-02
    45  1.063064378852865957e+03  8.2645973807e-03  4.2850970732e-02
    46  1.085317220734878447e+03  8.2628193050e-03  4.2855161013e-02
    47  1.107569146649508411e+03  8.2607864080e-03  4.2860453365e-02
    48  1.129820675452975138e+03  8.2586478347e-03  4.2866468282e-02
    49  1.152072406852418226e+03  8.2565690451e-03  4.2872726691e-02
    50  1.174324976463367648e+03  8.2547246109e-03  4.2878659695e-02
    51  1.196579002620835581e+03  8.2532802802e-03  4.2883645289e-02
    52  1.218835016948636394e+03  8.2523574309e-03  4.2887107782e-02
    53  1.241093379862623578e+03  8.2519897132e-03  4.2888678960e-02
    54  1.263354203316201620e+03  8.2521000101e-03  4.2888350032e-02
    55  1.285617318446234322e+03  8.2525204612e-03  4.2886512387e-02
    56  1.307882311847210758e+03  8.2530467557e-03  4.2883848145e-02
    57  1.330148617491052164e+03  8.2534953075e-03  4.2881126863e-02
    58  1.352415626206495972e+03  8.2537394567e-03  4.2879000872e-02
    59  1.374682777748880653e+03  8.2537205931e-03  4.2877869431e-02
    60  1.396949618475852958e+03  8.2534416782e-03  4.2877841112e-02
    61  1.419215823805022637e+03  8.2529522031e-03  4.2878778801e-02
    62  1.441481193381286857e+03  8.2523309914e-03  4.2880382849e-02
    63  1.463745629390834438e+03  8.2516703098e-03  4.2882273590e-02
    64  1.486009107281809065e+03  8.2510626112e-03  4.2884057122e-02
    65  1.508271645561857440e+03  8.2505899376e-03  4.2885374074e-02
    66  1.530533278866141927e+03  8.2503154019e-03  4.2885935793e-02
    67  1.552794036797975878e+03  8.2502761221e-03  4.2885551722e-02
