     0  5.508044295268315693e+01  1.5635564420e-03  5.4336955188e-02
     1  6.600715132721565226e+01  1.5619886268e-03  5.4376259633e-02
     2  7.692978663810008300e+01  1.5626955490e-03  5.4530825275e-02
     3  8.785383312711086035e+01  1.5605161243e-03  5.4583518553e-02
     4  9.877274850762945846e+01  1.5609502584e-03  5.4732647028e-02
     5  1.096943310318124674e+02  1.5582256379e-03  5.4798020279e-02
     6  1.206104188298381814e+02  1.5581258726e-03  5.4937748766e-02
     7  1.315294240921763560e+02  1.5549666369e-03  5.5014615906e-02
     8  1.424432475426235953e+02  1.5541727427e-03  5.5141765097e-02
     9  1.533594348752110648e+02  1.5507411940e-03  5.5228408119e-02
    10  1.642714169661932431e+02  1.5491936903e-03  5.5340188187e-02
    11  1.751846263939197001e+02  1.5457151343e-03  5.5434261510e-02
    12  1.860952601128672086e+02  1.5434573627e-03  5.5527955193e-02
    13  1.970056292859541145e+02  1.5402372568e-03  5.5626315001e-02
    14  2.079156868677717398e+02  1.5374195586e-03  5.5699060862e-02
    15  2.188238604596920425e+02  1.5348690894e-03  5.5797448940e-02
    16  2.297345766593927863e+02  1.5317489194e-03  5.5846206217e-02
    17  2.406418856296824913e+02  1.5304205123e-03  5.5938656705e-02
    18  2.515550808893688099e+02  1.5273450570e-03  5.5960542126e-02
    19  2.624636591341525786e+02  1.5279712265e-03  5.6038380290e-02
    20  2.733817557429970861e+02  1.5253246304e-03  5.6031646381e-02
    21  2.842945497981364156e+02  1.5288269697e-03  5.6082364118e-02
    22  2.952204263440063983e+02  1.5269366718e-03  5.6047978053e-02
    23  3.061410409966167094e+02  1.5343269342e-03  5.6055437138e-02
    24  3.170776865783826111e+02  1.5333661586e-03  5.5998120822e-02
    25  3.280100053035977794e+02  1.5454638537e-03  5.5945945004e-02
    26  3.389599970703353620e+02  1.5454221876e-03  5.5872989482e-02
    27  3.499075609715985706e+02  1.5624579986e-03  5.5750142498e-02
    28  3.608724850039375269e+02  1.5632014938e-03  5.5668629659e-02
    29  3.718377429989066627e+02  1.5845562691e-03  5.5473406017e-02
    30  3.828177459032321508e+02  1.5859133950e-03  5.5388435055e-02
    31  3.938014315826828238e+02  1.6101981175e-03  5.5128729098e-02
    32  4.047950626083352859e+02  1.6120129967e-03  5.5043375411e-02
    33  4.157959526161059216e+02  1.6374310669e-03  5.4733943579e-02
    34  4.268003274811595134e+02  1.6395801347e-03  5.4649924671e-02
    35  4.378154404877440129e+02  1.6643183591e-03  5.4308702135e-02
    36  4.488266179245075591e+02  1.6667083901e-03  5.4226998110e-02
    37  4.598516859275551383e+02  1.6891642315e-03  5.3872376763e-02
    38  4.708651086195761764e+02  1.6917244151e-03  5.3793641985e-02
    39  4.818950904681650513e+02  1.7105727338e-03  5.3443399589e-02
    40  4.929060088949297551e+02  1.7132457430e-03  5.3368212479e-02
    41  5.039355228851288757e+02  1.7274712354e-03  5.3039530795e-02
    42  5.149394083405397851e+02  1.7302045072e-03  5.2968544014e-02
    43  5.259631056206335415e+02  1.7392170784e-03  5.2677968036e-02
    44  5.369560932349080531e+02  1.7419545982e-03  5.2611996594e-02
    45  5.479690752225636743e+02  1.7457978365e-03  5.2374317854e-02
    46  5.589484332911011961e+02  1.7484730967e-03  5.2314380532e-02
    47  5.699467874942735079e+02  1.7479817149e-03  5.2140266265e-02
    48  5.809113088764245276e+02  1.7505132107e-03  5.2087582420e-02
    49  5.918926884674469875e+02  1.7472015843e-03  5.1981083274e-02
    50  6.028428292232805461e+02  1.7494923752e-03  5.1937023565e-02
    51  6.138068283694525462e+02  1.7451176977e-03  5.1894757659e-02
    52  6.247444804217527690e+02  1.7470597590e-03  5.1860752491e-02
    53  6.356925617636794641e+02  1.7430938430e-03  5.1873529499e-02
    54  6.466205234935422368e+02  1.7445765421e-03  5.1850948735e-02
    55  6.575554935067468705e+02  1.7418924037e-03  5.1906801883e-02
    56  6.684768406579283919e+02  1.7428133124e-03  5.1896827249e-02
    57  6.794021144874078573e+02  1.7416765565e-03  5.1983794484e-02
    58  6.903196694112278919e+02  1.7419524945e-03  5.1987307320e-02
    59  7.012386051698513256e+02  1.7421951721e-03  5.2095062577e-02
    60  7.121546045462322354e+02  1.7417717884e-03  5.2112563369e-02
    61  7.230700625169977229e+02  1.7429957243e-03  5.2232936586e-02
    62  7.339860286596614287e+02  1.7418547273e-03  5.2264501793e-02
    63  7.449001754296106128e+02  1.7435851193e-03  5.2391320324e-02
    64  7.558169464488690892e+02  1.7417491627e-03  5.2436591045e-02
    65  7.667312516798720026e+02  1.7435263834e-03  5.2565237598e-02
    66  7.776491144814257268e+02  1.7410623665e-03  5.2623427233e-02
    67  7.885644713580038569e+02  1.7424885797e-03  5.2750344683e-02
    68  7.994833497278254981e+02  1.7395106010e-03  5.2820250218e-02
    69  8.104002604465496233e+02  1.7402714541e-03  5.2942489298e-02
    70  8.213199242192368956e+02  1.7369448555e-03  5.3022491765e-02
    71  8.322387087474609189e+02  1.7368214006e-03  5.3137324273e-02
    72  8.431589817430086669e+02  1.7333693755e-03  5.3225364721e-02
    73  8.540799817062768398e+02  1.7322492086e-03  5.3329959515e-02
    74  8.650009326192412118e+02  1.7289634915e-03  5.3423471966e-02
    75  8.759246892742867203e+02  1.7268544884e-03  5.3514640593e-02
    76  8.868467905369401478e+02  1.7241116925e-03  5.3610405659e-02
    77  8.977741763708219196e+02  1.7211557327e-03  5.3684467264e-02
    78  9.086984124762343527e+02  1.7194403169e-03  5.3778314270e-02
    79  9.196306920827856857e+02  1.7159169042e-03  5.3831209067e-02
    80  9.305585936895695340e+02  1.7158480974e-03  5.3917464650e-02
    81  9.414973853352380502e+02  1.7121502958e-03  5.3945335669e-02
    82  9.524309626661042785e+02  1.7144983006e-03  5.4016022413e-02
    83  9.633780745700572652e+02  1.7110641153e-03  5.4016437378e-02
    84  9.743196276267580060e+02  1.7167170290e-03  5.4060727239e-02
    85  9.852767631601141147e+02  1.7139227326e-03  5.4034206866e-02
    86  9.962285618835377363e+02  1.7237498332e-03  5.4039358545e-02
    87  1.007196933893077585e+03  1.7218151697e-03  5.3989992148e-02
    88  1.018160796567603825e+03  1.7364203110e-03  5.3944461262e-02
    89  1.029140748927437699e+03  1.7353877353e-03  5.3878579923e-02
    90  1.040117605304933932e+03  1.7548609444e-03  5.3775649580e-02
    91  1.051108362132757065e+03  1.7546515414e-03  5.3699523758e-02
    92  1.062097934113807696e+03  1.7784688072e-03  5.3538967155e-02
    93  1.073097549084732236e+03  1.7789575219e-03  5.3457389787e-02
    94  1.084098253893837636e+03  1.8060644035e-03  5.3244736518e-02
    95  1.095103747145797342e+03  1.8071296078e-03  5.3160895715e-02
    96  1.106112827107774137e+03  1.8361084214e-03  5.2905663148e-02
    97  1.117120441984684703e+03  1.8376511336e-03  5.2821603491e-02
    98  1.128134234855695695e+03  1.8668562675e-03  5.2535867646e-02
    99  1.139139752186694977e+03  1.8688010480e-03  5.2452983693e-02
   100  1.150154003857618363e+03  1.8964362201e-03  5.2150830228e-02
   101  1.161153097296530859e+03  1.8987235326e-03  5.2070224497e-02
   102  1.172163275391779052e+03  1.9229387515e-03  5.1767760739e-02
   103  1.183151932117345495e+03  1.9255135332e-03  5.1690472592e-02
   104  1.194153573349885619e+03  1.9446456886e-03  5.1405481778e-02
   105  1.205128596653738441e+03  1.9474445991e-03  5.1332623458e-02
   106  1.216117759239515181e+03  1.9604484948e-03  5.1082864734e-02
   107  1.227077291658008335e+03  1.9633885165e-03  5.1015688850e-02
   108  1.238051132011598384e+03  1.9702826681e-03  5.0815707520e-02
   109  1.248995027567303396e+03  1.9732545054e-03  5.0755616679e-02
   110  1.259952361853561570e+03  1.9752226226e-03  5.0613495448e-02
   111  1.270882208485496449e+03  1.9780916504e-03  5.0561998963e-02
   112  1.281823780110226835e+03  1.9770535712e-03  5.0478145525e-02
   113  1.292742511811176200e+03  1.9796684444e-03  5.0436770379e-02
   114  1.303670768816608415e+03  1.9775778483e-03  5.0405432499e-02
   115  1.314582015608738857e+03  1.9797841478e-03  5.0375603461e-02
   116  1.325500481590010395e+03  1.9780924817e-03  5.0387829584e-02
   117  1.336407900956962976e+03  1.9797478372e-03  5.0370741760e-02
   118  1.347320423305020540e+03  1.9792315047e-03  5.0417060706e-02
   119  1.358227195943344213e+03  1.9802193482e-03  5.0413570548e-02
   120  1.369137329230310570e+03  1.9810767852e-03  5.0485567064e-02
   121  1.380045884118776257e+03  1.9813170480e-03  5.0496121512e-02
   122  1.390956521721057470e+03  1.9833621106e-03  5.0586985918e-02
   123  1.401868468410772948e+03  1.9828181783e-03  5.0611596599e-02
   124  1.412781713205221195e+03  1.9856584203e-03  5.0716054085e-02
   125  1.423697921819530166e+03  1.9843405155e-03  5.0754310513e-02
   126  1.434615130833068179e+03  1.9875038131e-03  5.0868282687e-02
   127  1.445535896781683277e+03  1.9854696690e-03  5.0919390275e-02
   128  1.456457826886319708e+03  1.9884828289e-03  5.1039592588e-02
   129  1.467383069482155406e+03  1.9858369305e-03  5.1102419352e-02
   130  1.478310065032230568e+03  1.9882719759e-03  5.1225981674e-02
   131  1.489239525082991804e+03  1.9851647013e-03  5.1299099968e-02
   132  1.500171706801370874e+03  1.9866678410e-03  5.1423234646e-02
   133  1.511105121549147043e+03  1.9832956270e-03  5.1504947786e-02
   134  1.522042551106818564e+03  1.9836095162e-03  5.1626667055e-02
   135  1.532979793290573525e+03  1.9802168702e-03  5.1715011613e-02
   136  1.543922597613511471e+03  1.9792018132e-03  5.1830900604e-02
   137  1.554863769203647962e+03  1.9760857029e-03  5.1923610289e-02
   138  1.565812213366133847e+03  1.9737402244e-03  5.2029685755e-02
