0.1	2.507920929280443	2021.070677989516753	0.000000000000000	0.000000000000000	89.919856338646611	0.000000000000000	0.000006029400423	0.012114499820504
0.2	7.922373740920084	2027.902788813720235	-0.115298517535514	-0.355690751492075	88.408481116862959	0.000000000000000	0.100244625434306	0.077398986160835
0.3	11.897966839698089	2020.001012647741163	-0.060095696038012	-0.394792228084459	88.822701465756751	-0.000000189527114	0.035272361949077	0.045861841814661
0.898957845915297 ; Mstar (R_sol)
0.883068666827574 ; Rstar (R_sol)
0.302265727914675 ; c1 (linear limb darkening) 
0.363046771844335 ; c2 (quadratic limb darkening) 
0.000000000000000 ; dilution (frac light not from stars in system)
; neg2loglike =   6528.16159899760, 0, 0
0.1	2.507920834160774	2021.070678301452062	0.000000000000000	0.000000000000000	89.919858889636629	0.000000000000000	0.000007440102452	0.012090268238634
0.2	7.922373712065582	2027.902788797549647	-0.115301146397996	-0.355688657918008	88.408462737430014	0.000000000000000	0.100269891845381	0.077422131940234
0.3	11.897966923628912	2020.001012651402107	-0.060095581565308	-0.394791689054213	88.822738213376425	0.000012491166416	0.035252517483697	0.045881577818376
0.898958007779453 ; Mstar (R_sol)
0.883066842557845 ; Rstar (R_sol)
0.302270925030600 ; c1 (linear limb darkening) 
0.363041438647295 ; c2 (quadratic limb darkening) 
0.000000000000000 ; dilution (frac light not from stars in system)
; neg2loglike =   6543.17664082486, 1, 0
0.1	2.507921004650365	2021.070678357184534	0.000000000000000	0.000000000000000	89.919888021544978	0.000000000000000	0.000015332994691	0.012115999920118
0.2	7.922374027410839	2027.902788950753347	-0.115302082363277	-0.355690226528136	88.408465740747218	0.000000000000000	0.100266168911915	0.077396171997718
0.3	11.897967012586649	2020.001012681278553	-0.060094007168725	-0.394793933531061	88.822693422101409	-0.000006513125430	0.035255375764657	0.045861471266593
0.898957875238126 ; Mstar (R_sol)
0.883070117998348 ; Rstar (R_sol)
0.302265277331817 ; c1 (linear limb darkening) 
0.363044977398918 ; c2 (quadratic limb darkening) 
0.000000000000000 ; dilution (frac light not from stars in system)
; neg2loglike =   6530.21752746503, 2, 0
0.1	2.507920851923896	2021.070678317800230	0.000000000000000	0.000000000000000	89.919866739397648	0.000000000000000	0.000011756152869	0.012120829878908
0.2	7.922373721566933	2027.902788912570941	-0.115300048705983	-0.355693183649284	88.408479077791554	0.000000000000000	0.100261818544485	0.077417989084064
0.3	11.897966903450513	2020.001012945224829	-0.060093218017685	-0.394794762456922	88.822698189553648	0.000007987528610	0.035263605845693	0.045870784093341
0.898958066940344 ; Mstar (R_sol)
0.883069397815932 ; Rstar (R_sol)
0.302268258194110 ; c1 (linear limb darkening) 
0.363042348926430 ; c2 (quadratic limb darkening) 
0.000000000000000 ; dilution (frac light not from stars in system)
; neg2loglike =   6538.45462790973, 3, 0
0.1	2.507920883387547	2021.070678210328424	0.000000000000000	0.000000000000000	89.919876073849167	0.000000000000000	0.000017933402349	0.012125628350521
0.2	7.922373826080706	2027.902788975347221	-0.115297737749859	-0.355688971093087	88.408480497615614	0.000000000000000	0.100272677658638	0.077394867649855
0.3	11.897967008043095	2020.001012720027802	-0.060096065412213	-0.394791969126763	88.822717466882779	-0.000002803465470	0.035244627389708	0.045860184992065
0.898957646780827 ; Mstar (R_sol)
0.883072596445923 ; Rstar (R_sol)
0.302265590765784 ; c1 (linear limb darkening) 
0.363043708516711 ; c2 (quadratic limb darkening) 
0.000000000000000 ; dilution (frac light not from stars in system)
; neg2loglike =   6533.76709436071, 4, 0
0.1	2.507921002245405	2021.070678241766245	0.000000000000000	0.000000000000000	89.919858286898588	0.000000000000000	0.000013450857720	0.012121082276374
0.2	7.922373946652886	2027.902788756262680	-0.115298489991488	-0.355689889012902	88.408464876194046	0.000000000000000	0.100239991053891	0.077435763195829
0.3	11.897966857808171	2020.001012943812611	-0.060093517270596	-0.394793179593063	88.822714594123227	-0.000005555487420	0.035254099281290	0.045868246401739
0.898957866666594 ; Mstar (R_sol)
0.883068502590619 ; Rstar (R_sol)
0.302268660414740 ; c1 (linear limb darkening) 
0.363042354587029 ; c2 (quadratic limb darkening) 
0.000000000000000 ; dilution (frac light not from stars in system)
; neg2loglike =   6534.31068646899, 5, 0
0.1	2.507920952550514	2021.070678195914752	0.000000000000000	0.000000000000000	89.919887336153735	0.000000000000000	0.000013824667907	0.012119785756210
0.2	7.922373514875235	2027.902789009156095	-0.115300144853130	-0.355690491693055	88.408474610159189	0.000000000000000	0.100250377561363	0.077406242478387
0.3	11.897966732130291	2020.001012970830061	-0.060093422200414	-0.394792963036579	88.822683677460404	-0.000011508871191	0.035249323986220	0.045847906662895
0.898957652626081 ; Mstar (R_sol)
0.883069924490931 ; Rstar (R_sol)
0.302266550281690 ; c1 (linear limb darkening) 
0.363043654864587 ; c2 (quadratic limb darkening) 
0.000000000000000 ; dilution (frac light not from stars in system)
; neg2loglike =   6524.08273540809, 6, 0
0.1	2.507920945858483	2021.070678203217312	0.000000000000000	0.000000000000000	89.919844181424409	0.000000000000000	0.000011341954202	0.012121075940503
0.2	7.922373893099403	2027.902788912909728	-0.115298890917302	-0.355689659058056	88.408491465071776	0.000000000000000	0.100230705427049	0.077408097453326
0.3	11.897967071261409	2020.001012636306996	-0.060095726828485	-0.394794437197587	88.822704024383356	-0.000009983826068	0.035246953203683	0.045888331166220
0.898957852578034 ; Mstar (R_sol)
0.883071045740670 ; Rstar (R_sol)
0.302270549494050 ; c1 (linear limb darkening) 
0.363044430803730 ; c2 (quadratic limb darkening) 
0.000000000000000 ; dilution (frac light not from stars in system)
; neg2loglike =   6521.94404265644, 7, 0
0.1	2.507920894847123	2021.070678287389001	0.000000000000000	0.000000000000000	89.919871948572663	0.000000000000000	0.000010912926625	0.012128363031826
0.2	7.922373974403818	2027.902789236559329	-0.115300594876511	-0.355692927894845	88.408468976812529	0.000000000000000	0.100232334269420	0.077401284764451
0.3	11.897966956103735	2020.001012866985093	-0.060090950802950	-0.394795699676839	88.822733323384639	-0.000013549464872	0.035247855261467	0.045841321727074
0.898957972804589 ; Mstar (R_sol)
0.883068208628312 ; Rstar (R_sol)
0.302269711871801 ; c1 (linear limb darkening) 
0.363043093010396 ; c2 (quadratic limb darkening) 
0.000000000000000 ; dilution (frac light not from stars in system)
; neg2loglike =   6513.73403644630, 8, 0
0.1	2.507920975896425	2021.070678179496099	0.000000000000000	0.000000000000000	89.919858873913427	0.000000000000000	0.000006102785714	0.012102651338992
0.2	7.922373802963938	2027.902788919925342	-0.115299437507988	-0.355691133428968	88.408489851037700	0.000000000000000	0.100268459043178	0.077398964210575
0.3	11.897966910928165	2020.001012604965581	-0.060094703812505	-0.394791145630735	88.822670179367435	0.000005325780344	0.035257002485880	0.045870950009998
0.898957659984053 ; Mstar (R_sol)
0.883069810690632 ; Rstar (R_sol)
0.302268078146003 ; c1 (linear limb darkening) 
0.363042902818537 ; c2 (quadratic limb darkening) 
0.000000000000000 ; dilution (frac light not from stars in system)
; neg2loglike =   6537.68377436243, 9, 0
0.1	2.507920913462923	2021.070678361595355	0.000000000000000	0.000000000000000	89.919853588378672	0.000000000000000	0.000000167522167	0.012126357652547
0.2	7.922374046152515	2027.902788814289352	-0.115297879675352	-0.355688740196612	88.408466011677859	0.000000000000000	0.100252068367830	0.077426166811376
0.3	11.897966905003635	2020.001012568477336	-0.060093519853632	-0.394792707068331	88.822690363978552	-0.000007791279405	0.035258152309087	0.045878670777374
0.898957893656494 ; Mstar (R_sol)
0.883070117012602 ; Rstar (R_sol)
0.302268614583132 ; c1 (linear limb darkening) 
0.363044344896000 ; c2 (quadratic limb darkening) 
0.000000000000000 ; dilution (frac light not from stars in system)
; neg2loglike =   6538.46600277501, 10, 0
0.1	2.507920800361084	2021.070678410924529	0.000000000000000	0.000000000000000	89.919878578628854	0.000000000000000	0.000015230301961	0.012135126936365
0.2	7.922373665968169	2027.902789026917389	-0.115298067609323	-0.355690644030959	88.408474842336659	0.000000000000000	0.100260467721656	0.077400746397605
0.3	11.897966947686838	2020.001012737362089	-0.060098141944572	-0.394793796447159	88.822711878443627	-0.000000435554215	0.035262399930483	0.045857699017288
0.898958015616745 ; Mstar (R_sol)
0.883070201804604 ; Rstar (R_sol)
0.302270518606485 ; c1 (linear limb darkening) 
0.363044521555948 ; c2 (quadratic limb darkening) 
0.000000000000000 ; dilution (frac light not from stars in system)
; neg2loglike =   6532.51981433395, 11, 0
0.1	2.507920933655530	2021.070677948486491	0.000000000000000	0.000000000000000	89.919855476436780	0.000000000000000	0.000010367304114	0.012115060547934
0.2	7.922373788897803	2027.902788729584245	-0.115302246556212	-0.355687338868367	88.408463398307148	0.000000000000000	0.100217440786568	0.077423373265427
0.3	11.897966463801824	2020.001012532808318	-0.060092106096674	-0.394796539426213	88.822700845717890	-0.000007920614842	0.035217983120386	0.045864053786565
0.898958002319353 ; Mstar (R_sol)
0.883070416348940 ; Rstar (R_sol)
0.302268443803211 ; c1 (linear limb darkening) 
0.363044476945883 ; c2 (quadratic limb darkening) 
0.000000000000000 ; dilution (frac light not from stars in system)
; neg2loglike =   6506.55148847976, 12, 0
0.1	2.507921085938996	2021.070678523006791	0.000000000000000	0.000000000000000	89.919856605762661	0.000000000000000	0.000005847335852	0.012130548012562
0.2	7.922373916270671	2027.902788898548579	-0.115300540979012	-0.355690889532623	88.408467421936137	0.000000000000000	0.100279215057806	0.077421465282582
0.3	11.897966810146084	2020.001012709466522	-0.060095531019245	-0.394791816550212	88.822692139486591	0.000002295082514	0.035238220948253	0.045888691270869
0.898957528967771 ; Mstar (R_sol)
0.883068627019910 ; Rstar (R_sol)
0.302267257318388 ; c1 (linear limb darkening) 
0.363043784281551 ; c2 (quadratic limb darkening) 
0.000000000000000 ; dilution (frac light not from stars in system)
; neg2loglike =   6547.97665671447, 13, 0
0.1	2.507920905108560	2021.070678216829947	0.000000000000000	0.000000000000000	89.919881616477966	0.000000000000000	0.000002377354321	0.012142108783625
0.2	7.922373818933684	2027.902788844718543	-0.115301308147377	-0.355690510553869	88.408483401166890	0.000000000000000	0.100257435447550	0.077440104663972
0.3	11.897967076306093	2020.001012449099790	-0.060095185795795	-0.394792889577401	88.822682594539060	-0.000030850016871	0.035237430444089	0.045879561539681
0.898957574421344 ; Mstar (R_sol)
0.883071587370665 ; Rstar (R_sol)
0.302271702884058 ; c1 (linear limb darkening) 
0.363043704377016 ; c2 (quadratic limb darkening) 
0.000000000000000 ; dilution (frac light not from stars in system)
; neg2loglike =   6542.83692088478, 14, 0
0.1	2.507920936076525	2021.070678206926914	0.000000000000000	0.000000000000000	89.919853800095026	0.000000000000000	0.000004910682033	0.012126944982920
0.2	7.922373829186959	2027.902788853639095	-0.115299445060818	-0.355689552246450	88.408478067319095	0.000000000000000	0.100259660742120	0.077411392006445
0.3	11.897967122985225	2020.001012743189222	-0.060092252367897	-0.394793979211850	88.822693593865694	-0.000019682421689	0.035245941568990	0.045843829820044
0.898957762268820 ; Mstar (R_sol)
0.883069920089535 ; Rstar (R_sol)
0.302269921950037 ; c1 (linear limb darkening) 
0.363046991621738 ; c2 (quadratic limb darkening) 
0.000000000000000 ; dilution (frac light not from stars in system)
; neg2loglike =   6528.60688782606, 15, 0
0.1	2.507920978063030	2021.070677954251551	0.000000000000000	0.000000000000000	89.919867296006316	0.000000000000000	0.000000319573467	0.012127737410013
0.2	7.922373882257866	2027.902788883760422	-0.115302154458017	-0.355688285107929	88.408449177060675	0.000000000000000	0.100268390619474	0.077402650768388
0.3	11.897967190765332	2020.001012613091007	-0.060092475406037	-0.394793538637112	88.822693508694940	-0.000003686051288	0.035254133841510	0.045864122670548
0.898957913325297 ; Mstar (R_sol)
0.883068821752192 ; Rstar (R_sol)
0.302269661412262 ; c1 (linear limb darkening) 
0.363044101421154 ; c2 (quadratic limb darkening) 
0.000000000000000 ; dilution (frac light not from stars in system)
; neg2loglike =   6531.41156816372, 16, 0
0.1	2.507920873779443	2021.070678106691275	0.000000000000000	0.000000000000000	89.919900062046565	0.000000000000000	0.000011621605520	0.012139362395930
0.2	7.922373550169596	2027.902788764489969	-0.115301091737092	-0.355691473932433	88.408487753653986	0.000000000000000	0.100236990320173	0.077391704190617
0.3	11.897966922903750	2020.001012920984294	-0.060094244101475	-0.394794087926665	88.822715437472127	-0.000005142205133	0.035238435859084	0.045850129622204
0.898957861917253 ; Mstar (R_sol)
0.883067464985215 ; Rstar (R_sol)
0.302267776863671 ; c1 (linear limb darkening) 
0.363044582552706 ; c2 (quadratic limb darkening) 
0.000000000000000 ; dilution (frac light not from stars in system)
; neg2loglike =   6512.36263609475, 17, 0
0.1	2.507921015000179	2021.070677913505051	0.000000000000000	0.000000000000000	89.919851120234284	0.000000000000000	0.000004916804366	0.012134480238264
0.2	7.922373508041908	2027.902788749423053	-0.115300453410560	-0.355689986828045	88.408455634811517	0.000000000000000	0.100225734248807	0.077428909668658
0.3	11.897966726797561	2020.001012790657342	-0.060093361981387	-0.394794004751680	88.822704291622401	-0.000004049058133	0.035250279872089	0.045862677701080
0.898958075777631 ; Mstar (R_sol)
0.883069943349165 ; Rstar (R_sol)
0.302272081410570 ; c1 (linear limb darkening) 
0.363045080409245 ; c2 (quadratic limb darkening) 
0.000000000000000 ; dilution (frac light not from stars in system)
; neg2loglike =   6521.69208828465, 18, 0
0.1	2.507921035554562	2021.070678265180959	0.000000000000000	0.000000000000000	89.919861864945858	0.000000000000000	0.000020493338593	0.012129629539931
0.2	7.922373975631724	2027.902788609334721	-0.115300176627749	-0.355689994114585	88.408481117690215	0.000000000000000	0.100235371077184	0.077424238126581
0.3	11.897966958927780	2020.001012563944869	-0.060090629337809	-0.394792839301706	88.822735803762640	-0.000004836133300	0.035240332216002	0.045869717350902
0.898957865360933 ; Mstar (R_sol)
0.883071566491367 ; Rstar (R_sol)
0.302268944896924 ; c1 (linear limb darkening) 
0.363046582951458 ; c2 (quadratic limb darkening) 
0.000000000000000 ; dilution (frac light not from stars in system)
; neg2loglike =   6525.41662796227, 19, 0
0.1	2.507921001095466	2021.070678388471833	0.000000000000000	0.000000000000000	89.919859326128730	0.000000000000000	0.000006364739448	0.012116161149891
0.2	7.922373939344165	2027.902788789913984	-0.115298339154606	-0.355689597963829	88.408471935578859	0.000000000000000	0.100295655188624	0.077405268311599
0.3	11.897967075131229	2020.001012765452742	-0.060091834342107	-0.394791556595650	88.822667519609567	-0.000007339735550	0.035280575206593	0.045839173957172
0.898957726046593 ; Mstar (R_sol)
0.883074020311186 ; Rstar (R_sol)
0.302265618499766 ; c1 (linear limb darkening) 
0.363045003328849 ; c2 (quadratic limb darkening) 
0.000000000000000 ; dilution (frac light not from stars in system)
; neg2loglike =   6549.76507027292, 20, 0
0.1	2.507920835752423	2021.070677973477586	0.000000000000000	0.000000000000000	89.919876851880829	0.000000000000000	0.000028909042158	0.012121099805384
0.2	7.922373636854091	2027.902789011884124	-0.115300350678037	-0.355687505534005	88.408454812333360	0.000000000000000	0.100274630958304	0.077453328568314
0.3	11.897966922510491	2020.001012727356738	-0.060093210323850	-0.394793778768014	88.822709615469336	0.000008233731855	0.035259762774575	0.045868388480223
0.898957558925419 ; Mstar (R_sol)
0.883071381723526 ; Rstar (R_sol)
0.302268074452650 ; c1 (linear limb darkening) 
0.363045834165535 ; c2 (quadratic limb darkening) 
0.000000000000000 ; dilution (frac light not from stars in system)
; neg2loglike =   6550.92938788244, 21, 0
0.1	2.507920722686893	2021.070678410723531	0.000000000000000	0.000000000000000	89.919868616570270	0.000000000000000	0.000026686187088	0.012125986736991
0.2	7.922373679927921	2027.902788984830522	-0.115297910564769	-0.355691803458809	88.408466448573066	0.000000000000000	0.100239204707777	0.077428379158116
0.3	11.897966983171299	2020.001012874652133	-0.060094521871093	-0.394790663335974	88.822709493790398	-0.000031767689167	0.035234642123098	0.045850447699458
0.898957494509669 ; Mstar (R_sol)
0.883071508501340 ; Rstar (R_sol)
0.302266492159618 ; c1 (linear limb darkening) 
0.363047811629228 ; c2 (quadratic limb darkening) 
0.000000000000000 ; dilution (frac light not from stars in system)
; neg2loglike =   6530.43432150003, 22, 0
0.1	2.507920760445191	2021.070678094054074	0.000000000000000	0.000000000000000	89.919856213144669	0.000000000000000	0.000001282412597	0.012127736485401
0.2	7.922373802714652	2027.902788925295681	-0.115299810516585	-0.355688877611096	88.408501877979077	0.000000000000000	0.100242144418697	0.077424935224335
0.3	11.897967216617678	2020.001012909507836	-0.060096113209667	-0.394793933897882	88.822711884862983	0.000021365304157	0.035224995090800	0.045847610015463
0.898957823730075 ; Mstar (R_sol)
0.883072878596052 ; Rstar (R_sol)
0.302267291876702 ; c1 (linear limb darkening) 
0.363043839606738 ; c2 (quadratic limb darkening) 
0.000000000000000 ; dilution (frac light not from stars in system)
; neg2loglike =   6525.12270758953, 23, 0
0.1	2.507920881950528	2021.070678069532050	0.000000000000000	0.000000000000000	89.919865591238676	0.000000000000000	0.000016891095607	0.012093735366359
0.2	7.922373852652779	2027.902788668798166	-0.115302260077142	-0.355690921702122	88.408461796522673	0.000000000000000	0.100252607113933	0.077382631400161
0.3	11.897966980813182	2020.001012740217220	-0.060091798359029	-0.394794957135159	88.822721485365861	0.000005593015781	0.035264093811995	0.045868679263080
0.898957761998861 ; Mstar (R_sol)
0.883071165552264 ; Rstar (R_sol)
0.302268228661383 ; c1 (linear limb darkening) 
0.363043337551288 ; c2 (quadratic limb darkening) 
0.000000000000000 ; dilution (frac light not from stars in system)
; neg2loglike =   6519.66717423960, 24, 0
0.1	2.507920622008090	2021.070678038356846	0.000000000000000	0.000000000000000	89.919858792794471	0.000000000000000	0.000000955578356	0.012123282600592
0.2	7.922373806676395	2027.902788655258519	-0.115299857896744	-0.355692393692232	88.408489728795459	0.000000000000000	0.100267288681432	0.077407747272504
0.3	11.897966948113785	2020.001012851727410	-0.060090661924889	-0.394792324580332	88.822724421535526	0.000013165956063	0.035228141620170	0.045859709299630
0.898957718152288 ; Mstar (R_sol)
0.883068835680088 ; Rstar (R_sol)
0.302267054911983 ; c1 (linear limb darkening) 
0.363045182300442 ; c2 (quadratic limb darkening) 
0.000000000000000 ; dilution (frac light not from stars in system)
; neg2loglike =   6532.37139113918, 25, 0
0.1	2.507920584785701	2021.070678283630286	0.000000000000000	0.000000000000000	89.919873215203111	0.000000000000000	0.000005137202447	0.012133397585978
0.2	7.922373968923653	2027.902788798832944	-0.115299787824701	-0.355689299838576	88.408456996246343	0.000000000000000	0.100256897187605	0.077399230842176
0.3	11.897967158193236	2020.001012980726728	-0.060092831747291	-0.394794385176034	88.822715416760786	0.000013606570787	0.035250752893417	0.045864601683365
0.898957809402699 ; Mstar (R_sol)
0.883069327015455 ; Rstar (R_sol)
0.302267664497471 ; c1 (linear limb darkening) 
0.363043591782820 ; c2 (quadratic limb darkening) 
0.000000000000000 ; dilution (frac light not from stars in system)
; neg2loglike =   6526.12756025614, 26, 0
0.1	2.507920882621202	2021.070678056378938	0.000000000000000	0.000000000000000	89.919829467528714	0.000000000000000	0.000014730093495	0.012105213877911
0.2	7.922373832231338	2027.902788698800123	-0.115301456350718	-0.355690934514026	88.408476736430998	0.000000000000000	0.100233171775556	0.077433288843366
0.3	11.897966797983877	2020.001012470234855	-0.060090702254284	-0.394795920239508	88.822708409309882	-0.000009911930684	0.035239013933059	0.045867892042486
0.898957962433349 ; Mstar (R_sol)
0.883071361982397 ; Rstar (R_sol)
0.302266315106567 ; c1 (linear limb darkening) 
0.363046287155146 ; c2 (quadratic limb darkening) 
0.000000000000000 ; dilution (frac light not from stars in system)
; neg2loglike =   6523.49726014250, 27, 0
0.1	2.507920853531559	2021.070678088381101	0.000000000000000	0.000000000000000	89.919871221390054	0.000000000000000	0.000005797189689	0.012122303937448
0.2	7.922373794761866	2027.902788833193426	-0.115300467633664	-0.355692935961014	88.408446960584754	0.000000000000000	0.100264768906809	0.077427474604959
0.3	11.897966743077060	2020.001012840089288	-0.060094177712400	-0.394791791690232	88.822728915261735	-0.000007827601277	0.035247975094287	0.045850807566468
0.898957741821472 ; Mstar (R_sol)
0.883069297042983 ; Rstar (R_sol)
0.302266925108047 ; c1 (linear limb darkening) 
0.363044267182469 ; c2 (quadratic limb darkening) 
0.000000000000000 ; dilution (frac light not from stars in system)
; neg2loglike =   6541.85689593831, 28, 0
0.1	2.507921012405879	2021.070678170500514	0.000000000000000	0.000000000000000	89.919864487918687	0.000000000000000	0.000008660004050	0.012127119584643
0.2	7.922373682823928	2027.902788867440904	-0.115303030868250	-0.355688890651458	88.408470622909221	0.000000000000000	0.100285523591806	0.077400438869479
0.3	11.897966883406877	2020.001012368127931	-0.060093489452635	-0.394795028172005	88.822683936549097	-0.000006309455949	0.035243710624195	0.045857425938732
0.898958059259937 ; Mstar (R_sol)
0.883069111089609 ; Rstar (R_sol)
0.302268132106448 ; c1 (linear limb darkening) 
0.363043287813753 ; c2 (quadratic limb darkening) 
0.000000000000000 ; dilution (frac light not from stars in system)
; neg2loglike =   6533.33290158461, 29, 0
0.1	2.507920891187235	2021.070678290303249	0.000000000000000	0.000000000000000	89.919872470316761	0.000000000000000	0.000020415036696	0.012135047189539
0.2	7.922373973235402	2027.902788966656090	-0.115299572854426	-0.355691274628418	88.408444875533235	0.000000000000000	0.100275542548299	0.077405417929253
0.3	11.897967012833314	2020.001012615461605	-0.060097343179387	-0.394795117601283	88.822705410346174	0.000004798244800	0.035252281125326	0.045845625659337
0.898958001351326 ; Mstar (R_sol)
0.883068804108661 ; Rstar (R_sol)
0.302268806194531 ; c1 (linear limb darkening) 
0.363040510787329 ; c2 (quadratic limb darkening) 
0.000000000000000 ; dilution (frac light not from stars in system)
; neg2loglike =   6536.47243751253, 30, 0
0.1	2.507920612789607	2021.070677866523283	0.000000000000000	0.000000000000000	89.919851642388252	0.000000000000000	0.000014483917546	0.012139662087830
0.2	7.922373615420931	2027.902788865601906	-0.115299987437285	-0.355691423693330	88.408483418513057	0.000000000000000	0.100268150084015	0.077397804975347
0.3	11.897967069470640	2020.001012776375774	-0.060093146203350	-0.394791472930232	88.822684348345433	0.000016210108799	0.035251217546624	0.045858462575234
0.898957827472435 ; Mstar (R_sol)
0.883069945277959 ; Rstar (R_sol)
0.302267646998318 ; c1 (linear limb darkening) 
0.363043679142953 ; c2 (quadratic limb darkening) 
0.000000000000000 ; dilution (frac light not from stars in system)
; neg2loglike =   6533.11147894305, 31, 0
0.1	2.507920930631662	2021.070678327948372	0.000000000000000	0.000000000000000	89.919865926012577	0.000000000000000	0.000000212483014	0.012137639596442
0.2	7.922373886623020	2027.902788882020104	-0.115300192694147	-0.355689493765793	88.408487576282027	0.000000000000000	0.100243040332702	0.077434694377168
0.3	11.897967201347745	2020.001012631501453	-0.060094963299209	-0.394794035472484	88.822673085357138	-0.000013443616602	0.035240766624652	0.045852639082851
0.898957974569253 ; Mstar (R_sol)
0.883070821773565 ; Rstar (R_sol)
0.302269265632152 ; c1 (linear limb darkening) 
0.363044324630161 ; c2 (quadratic limb darkening) 
0.000000000000000 ; dilution (frac light not from stars in system)
; neg2loglike =   6531.42330594435, 32, 0
0.1	2.507920806771491	2021.070677897318319	0.000000000000000	0.000000000000000	89.919864585523555	0.000000000000000	0.000000514282127	0.012110237095550
0.2	7.922373922659186	2027.902788937132982	-0.115299533908522	-0.355690604126758	88.408479466417816	0.000000000000000	0.100273578310572	0.077426622256394
0.3	11.897967229067367	2020.001012610399584	-0.060092721135567	-0.394796355104499	88.822703610990871	0.000001357508430	0.035242195193550	0.045884176481168
0.898957821107395 ; Mstar (R_sol)
0.883068485322730 ; Rstar (R_sol)
0.302268577089730 ; c1 (linear limb darkening) 
0.363044014487920 ; c2 (quadratic limb darkening) 
0.000000000000000 ; dilution (frac light not from stars in system)
; neg2loglike =   6542.10675858154, 33, 0
0.1	2.507920787371707	2021.070678147791341	0.000000000000000	0.000000000000000	89.919891687452690	0.000000000000000	0.000011024153929	0.012135536254344
0.2	7.922373748153129	2027.902788799327254	-0.115300113284765	-0.355691418130441	88.408474792917417	0.000000000000000	0.100275072780588	0.077399986549373
0.3	11.897966975722932	2020.001012686619561	-0.060093583561185	-0.394793213153445	88.822699016420231	0.000022644626393	0.035222501701264	0.045872913797631
0.898957974377394 ; Mstar (R_sol)
0.883072921743187 ; Rstar (R_sol)
0.302269016675428 ; c1 (linear limb darkening) 
0.363042374490994 ; c2 (quadratic limb darkening) 
0.000000000000000 ; dilution (frac light not from stars in system)
; neg2loglike =   6532.66253304768, 34, 0
0.1	2.507920913538920	2021.070678206740240	0.000000000000000	0.000000000000000	89.919881632000397	0.000000000000000	0.000013142418393	0.012119281409060
0.2	7.922373836353646	2027.902788573566113	-0.115299000880862	-0.355690565042387	88.408462778375323	0.000000000000000	0.100251461991367	0.077400596394103
0.3	11.897966795800857	2020.001012821586301	-0.060093404009457	-0.394792598744216	88.822721681443312	0.000002698664521	0.035266958201702	0.045862873767021
0.898957947902647 ; Mstar (R_sol)
0.883071405940194 ; Rstar (R_sol)
0.302268604104532 ; c1 (linear limb darkening) 
0.363043393118850 ; c2 (quadratic limb darkening) 
0.000000000000000 ; dilution (frac light not from stars in system)
; neg2loglike =   6529.04559827933, 35, 0
0.1	2.507920857482203	2021.070678013580846	0.000000000000000	0.000000000000000	89.919854134803685	0.000000000000000	0.000024178873525	0.012111548257485
0.2	7.922373806901550	2027.902788810288712	-0.115300714587585	-0.355689343957418	88.408475825815131	0.000000000000000	0.100260890132033	0.077434638798084
0.3	11.897966857928514	2020.001012759270452	-0.060091470337351	-0.394794434625289	88.822725583289042	0.000010213100519	0.035236158412611	0.045865793661521
0.898957788024714 ; Mstar (R_sol)
0.883069746586205 ; Rstar (R_sol)
0.302267258879972 ; c1 (linear limb darkening) 
0.363043428499162 ; c2 (quadratic limb darkening) 
0.000000000000000 ; dilution (frac light not from stars in system)
; neg2loglike =   6535.38379296532, 36, 0
0.1	2.507920762086040	2021.070678275895943	0.000000000000000	0.000000000000000	89.919862118042190	0.000000000000000	0.000011713379974	0.012107417174871
0.2	7.922373649139272	2027.902788801856104	-0.115298776758925	-0.355690409537924	88.408466144274556	0.000000000000000	0.100264804880394	0.077422025693856
0.3	11.897966833449246	2020.001012529448190	-0.060094358140927	-0.394792315933244	88.822699967801668	0.000015869120834	0.035252621857660	0.045863966668289
0.898957629449594 ; Mstar (R_sol)
0.883070240700755 ; Rstar (R_sol)
0.302265517034186 ; c1 (linear limb darkening) 
0.363042350034806 ; c2 (quadratic limb darkening) 
0.000000000000000 ; dilution (frac light not from stars in system)
; neg2loglike =   6539.77053950583, 37, 0
0.1	2.507920645351721	2021.070678238174423	0.000000000000000	0.000000000000000	89.919865124007046	0.000000000000000	0.000012434315672	0.012138981542129
0.2	7.922373564396421	2027.902788845625992	-0.115299700011099	-0.355688476620832	88.408466203621316	0.000000000000000	0.100262128425389	0.077404171587019
0.3	11.897966912485238	2020.001012732531080	-0.060094016665387	-0.394793459808345	88.822701702913776	0.000005094251550	0.035244967376743	0.045871989228329
0.898957731251731 ; Mstar (R_sol)
0.883069328058420 ; Rstar (R_sol)
0.302269878135522 ; c1 (linear limb darkening) 
0.363045109498887 ; c2 (quadratic limb darkening) 
0.000000000000000 ; dilution (frac light not from stars in system)
; neg2loglike =   6528.76475182694, 38, 0
0.1	2.507920776217473	2021.070678029385135	0.000000000000000	0.000000000000000	89.919876048532672	0.000000000000000	0.000015845217094	0.012118131331298
0.2	7.922373564478673	2027.902788984714789	-0.115300228898284	-0.355690828191910	88.408476023596990	0.000000000000000	0.100233376470161	0.077422405293259
0.3	11.897966779777274	2020.001012409084296	-0.060092033936829	-0.394796778252277	88.822704212435099	0.000009308179481	0.035262073041844	0.045887086363458
0.898957876475367 ; Mstar (R_sol)
0.883070382902605 ; Rstar (R_sol)
0.302268443555682 ; c1 (linear limb darkening) 
0.363044354340049 ; c2 (quadratic limb darkening) 
0.000000000000000 ; dilution (frac light not from stars in system)
; neg2loglike =   6524.21028199030, 39, 0
