     0  2.027899229197950490e+03  2.1605305811e-03  5.3534112074e-02
     1  2.035820217594413407e+03  2.1605092488e-03  5.3535843200e-02
     2  2.043739256783824203e+03  2.1607545987e-03  5.3532324919e-02
     3  2.051658635946229879e+03  2.1607556778e-03  5.3529720789e-02
     4  2.059579981247841260e+03  2.1607112966e-03  5.3528423215e-02
     5  2.067499517423849284e+03  2.1609949644e-03  5.3521974153e-02
     6  2.075419399667731341e+03  2.1610391167e-03  5.3520003779e-02
     7  2.083341209057431570e+03  2.1610067651e-03  5.3522066346e-02
     8  2.091261148880526434e+03  2.1613256029e-03  5.3516032516e-02
     9  2.099181317078821394e+03  2.1613705226e-03  5.3512476354e-02
    10  2.107103449871457542e+03  2.1613133559e-03  5.3511529033e-02
    11  2.115023843840926475e+03  2.1616523469e-03  5.3502075927e-02
    12  2.122944479848746596e+03  2.1617266887e-03  5.3498513771e-02
    13  2.130867061377344726e+03  2.1616843493e-03  5.3500681956e-02
    14  2.138787835843738776e+03  2.1620537045e-03  5.3492743037e-02
    15  2.146708704589716945e+03  2.1621274609e-03  5.3488769731e-02
    16  2.154631518517191125e+03  2.1620604572e-03  5.3488311843e-02
    17  2.162552634029487763e+03  2.1624333317e-03  5.3476703866e-02
    18  2.170473861863012189e+03  2.1625233658e-03  5.3472004798e-02
    19  2.178397042250654522e+03  2.1624722709e-03  5.3474080747e-02
    20  2.186318454431723694e+03  2.1628698609e-03  5.3464839858e-02
    21  2.194239810963299533e+03  2.1629615831e-03  5.3460746867e-02
    22  2.202163088129863809e+03  2.1628878306e-03  5.3460855905e-02
    23  2.210084677665976869e+03  2.1632770481e-03  5.3447880635e-02
    24  2.218006232042982447e+03  2.1633737421e-03  5.3442329827e-02
    25  2.225929741577162531e+03  2.1633149167e-03  5.3444159882e-02
    26  2.233851504101358387e+03  2.1637253676e-03  5.3433970682e-02
    27  2.241773052512604409e+03  2.1638281569e-03  5.3429914969e-02
    28  2.249696499067859804e+03  2.1637505519e-03  5.3430590267e-02
    29  2.257618250838444055e+03  2.1641470358e-03  5.3416757856e-02
    30  2.265539809279115616e+03  2.1642468583e-03  5.3410523788e-02
    31  2.273463324996500887e+03  2.1641807808e-03  5.3412006049e-02
    32  2.281385110916079157e+03  2.1645986457e-03  5.3400864993e-02
    33  2.289306522897700233e+03  2.1647102753e-03  5.3396872990e-02
    34  2.297229816370384469e+03  2.1646309225e-03  5.3398066898e-02
    35  2.305151407508467400e+03  2.1650357587e-03  5.3383516422e-02
    36  2.313072642627627829e+03  2.1651408129e-03  5.3376687195e-02
    37  2.320995839187086403e+03  2.1650672449e-03  5.3377775268e-02
    38  2.328917335499119417e+03  2.1654972526e-03  5.3365308984e-02
    39  2.336838303809009631e+03  2.1656207333e-03  5.3361257463e-02
    40  2.344761144728839099e+03  2.1655402516e-03  5.3362940657e-02
    41  2.352682294645581351e+03  2.1659642648e-03  5.3347432709e-02
    42  2.360602926933288018e+03  2.1660817165e-03  5.3340060527e-02
    43  2.368525527736448566e+03  2.1659997373e-03  5.3340766746e-02
    44  2.376446486813141291e+03  2.1664554209e-03  5.3326297740e-02
    45  2.384366775994100863e+03  2.1665981127e-03  5.3321957889e-02
    46  2.392288936337504765e+03  2.1665152734e-03  5.3324150029e-02
    47  2.400209455547068046e+03  2.1669774714e-03  5.3307116908e-02
    48  2.408129301075026433e+03  2.1671174806e-03  5.3299283965e-02
    49  2.416051122282532560e+03  2.1670256838e-03  5.3299684140e-02
    50  2.423971406200257206e+03  2.1675272728e-03  5.3282371565e-02
    51  2.431890894244574611e+03  2.1676981217e-03  5.3277502899e-02
    52  2.439812255088727852e+03  2.1676100739e-03  5.3280247095e-02
    53  2.447732082918745618e+03  2.1681351303e-03  5.3260938361e-02
    54  2.455651088615116350e+03  2.1683074314e-03  5.3252817153e-02
    55  2.463572068769660291e+03  2.1682041652e-03  5.3253056776e-02
    56  2.471491678963166123e+03  2.1687759159e-03  5.3232109215e-02
    57  2.479410381836836223e+03  2.1689817775e-03  5.3226539344e-02
    58  2.487330953165553638e+03  2.1688848276e-03  5.3229824977e-02
    59  2.495250175731575382e+03  2.1694991784e-03  5.3207582209e-02
    60  2.503168433771212221e+03  2.1697097926e-03  5.3199428624e-02
    61  2.511088643414875605e+03  2.1695933179e-03  5.3199726515e-02
    62  2.519007727103024990e+03  2.1702599307e-03  5.3174645621e-02
    63  2.526925799059048586e+03  2.1705028261e-03  5.3168298114e-02
    64  2.534845717692290236e+03  2.1703931919e-03  5.3172033775e-02
    65  2.542764559157464191e+03  2.1711199537e-03  5.3146552418e-02
    66  2.550682294780923257e+03  2.1713698119e-03  5.3138602327e-02
    67  2.558601924711488209e+03  2.1712383744e-03  5.3139241675e-02
    68  2.566520753423905262e+03  2.1720201895e-03  5.3110008087e-02
    69  2.574438461514617302e+03  2.1722969201e-03  5.3102885090e-02
    70  2.582357968333498320e+03  2.1721712312e-03  5.3106933847e-02
    71  2.590276754861567497e+03  2.1730248219e-03  5.3078351423e-02
    72  2.598194288530581161e+03  2.1733104473e-03  5.3070731465e-02
    73  2.606113620100648404e+03  2.1731625062e-03  5.3072021264e-02
    74  2.614032543293146773e+03  2.1740698533e-03  5.3039147687e-02
    75  2.621950221327355393e+03  2.1743738419e-03  5.3031301632e-02
    76  2.629869622911647184e+03  2.1742296756e-03  5.3035513799e-02
    77  2.637788726221162506e+03  2.1752111558e-03  5.3004311120e-02
    78  2.645706417880610388e+03  2.1755261854e-03  5.2997073483e-02
    79  2.653625780460266469e+03  2.1753611095e-03  5.2999262606e-02
    80  2.661545163742285695e+03  2.1763893914e-03  5.2963705067e-02
    81  2.669463154774491159e+03  2.1767133168e-03  5.2955221637e-02
    82  2.677382775282159855e+03  2.1765497950e-03  5.2959452402e-02
    83  2.685302546923060618e+03  2.1776441821e-03  5.2926335024e-02
    84  2.693220733480692161e+03  2.1779811232e-03  5.2919495116e-02
    85  2.701140453037847237e+03  2.1778000978e-03  5.2922666020e-02
    86  2.709060613040963744e+03  2.1789283208e-03  5.2885627942e-02
    87  2.716979210054498253e+03  2.1792660327e-03  5.2876621588e-02
    88  2.724899338525824987e+03  2.1790842037e-03  5.2880740523e-02
    89  2.732820046859956165e+03  2.1802621680e-03  5.2846501899e-02
    90  2.740738984044192421e+03  2.1806140053e-03  5.2840010634e-02
    91  2.748659327662954638e+03  2.1804201009e-03  5.2844077921e-02
    92  2.756580475698705868e+03  2.1816151047e-03  5.2806752501e-02
    93  2.764499870185857162e+03  2.1819621615e-03  5.2797368646e-02
    94  2.772420709811438428e+03  2.1817648924e-03  5.2801267180e-02
    95  2.780342491776941642e+03  2.1829897719e-03  5.2766614407e-02
    96  2.788262310414252624e+03  2.1833507869e-03  5.2760337686e-02
    97  2.796183436349577732e+03  2.1831479819e-03  5.2765145025e-02
    98  2.804105642111737325e+03  2.1843734732e-03  5.2728461374e-02
    99  2.812025890268493185e+03  2.1847266092e-03  5.2718878537e-02
   100  2.819947519165242284e+03  2.1845179567e-03  5.2722478899e-02
   101  2.827870357642331328e+03  2.1857551077e-03  5.2687898026e-02
   102  2.835791042369401566e+03  2.1861207324e-03  5.2681674839e-02
   103  2.843712968193460711e+03  2.1859128022e-03  5.2687054663e-02
   104  2.851636151025033996e+03  2.1871385171e-03  5.2651531499e-02
   105  2.859557164923001437e+03  2.1874948217e-03  5.2641956639e-02
   106  2.867479518375007046e+03  2.1872791054e-03  5.2645222751e-02
   107  2.875403249776074972e+03  2.1885027360e-03  5.2610949809e-02
   108  2.883324643991709308e+03  2.1888691751e-03  5.2604641790e-02
   109  2.891247241793809280e+03  2.1886589671e-03  5.2610422616e-02
   110  2.899171189765545478e+03  2.1898651656e-03  5.2576221242e-02
   111  2.907092755072748787e+03  2.1902216533e-03  5.2566873007e-02
   112  2.915015634387780210e+03  2.1900025222e-03  5.2569822289e-02
   113  2.922939981789836565e+03  2.1911974153e-03  5.2535920118e-02
   114  2.930861816855353482e+03  2.1915614975e-03  5.2529423190e-02
   115  2.938784836112784433e+03  2.1913505389e-03  5.2535428171e-02
   116  2.946709245837570961e+03  2.1925271194e-03  5.2502533022e-02
   117  2.954631061159066121e+03  2.1928809675e-03  5.2493609687e-02
   118  2.962554166955693745e+03  2.1926606310e-03  5.2496324946e-02
   119  2.970478788214024007e+03  2.1938198043e-03  5.2462813295e-02
   120  2.978400730169436429e+03  2.1941791192e-03  5.2456051595e-02
   121  2.986323841761713538e+03  2.1939673444e-03  5.2462126540e-02
   122  2.994248368820400628e+03  2.1951100378e-03  5.2430518388e-02
   123  3.002170098111122115e+03  2.1954593540e-03  5.2422155533e-02
   124  3.010093080766900130e+03  2.1952380323e-03  5.2424795463e-02
   125  3.018017621507278363e+03  2.1963586736e-03  5.2391782012e-02
   126  3.025939326789823554e+03  2.1967119265e-03  5.2384697545e-02
   127  3.033862178935208703e+03  2.1964975974e-03  5.2390732691e-02
   128  3.041786490586238870e+03  2.1976034017e-03  5.2360510029e-02
   129  3.049707819868870502e+03  2.1979480359e-03  5.2352757198e-02
   130  3.057630338578359442e+03  2.1977237215e-03  5.2355559132e-02
   131  3.065554483599739342e+03  2.1988026484e-03  5.2323349524e-02
   132  3.073475655765685133e+03  2.1991500198e-03  5.2315894255e-02
   133  3.081397933087491765e+03  2.1989299694e-03  5.2321824334e-02
   134  3.089321757898969281e+03  2.1999924890e-03  5.2293266660e-02
   135  3.097242448436942595e+03  2.2003342754e-03  5.2286103830e-02
   136  3.105164230609484093e+03  2.2001030999e-03  5.2289361683e-02
   137  3.113087749746688587e+03  2.2011318142e-03  5.2258543666e-02
   138  3.121008189699402919e+03  2.2014749780e-03  5.2250679265e-02
   139  3.128929667279945079e+03  2.2012452913e-03  5.2256470157e-02
   140  3.136852837350445952e+03  2.2022499568e-03  5.2230077800e-02
   141  3.144772767672755435e+03  2.2025919646e-03  5.2223444487e-02
   142  3.152693659657080843e+03  2.2023495783e-03  5.2227438029e-02
   143  3.160616444270860484e+03  2.2033091596e-03  5.2198922824e-02
   144  3.168536086102152694e+03  2.2036506634e-03  5.2190633087e-02
   145  3.176456670059651060e+03  2.2034078433e-03  5.2196261996e-02
   146  3.184379150492849021e+03  2.2043279231e-03  5.2172757408e-02
   147  3.192298340099491725e+03  2.2046727039e-03  5.2166577536e-02
   148  3.200218338630618291e+03  2.2044165635e-03  5.2171469245e-02
   149  3.208140423876386194e+03  2.2052741187e-03  5.2146449394e-02
   150  3.216059348891163609e+03  2.2056160679e-03  5.2137768963e-02
   151  3.223979095184953167e+03  2.2053584818e-03  5.2143204650e-02
   152  3.231900994304348387e+03  2.2061542541e-03  5.2123443954e-02
   153  3.239819604195098691e+03  2.2065018757e-03  5.2117623814e-02
   154  3.247738859085618515e+03  2.2062330875e-03  5.2123413453e-02
   155  3.255660425955687060e+03  2.2069431166e-03  5.2103188735e-02
   156  3.263578851045675492e+03  2.2072854548e-03  5.2094245757e-02
   157  3.271497957028379915e+03  2.2070144428e-03  5.2099439677e-02
   158  3.279419511601516660e+03  2.2076380986e-03  5.2084237955e-02
   159  3.287337820617231046e+03  2.2079851119e-03  5.2078670555e-02
   160  3.295256606615324927e+03  2.2077081174e-03  5.2085235988e-02
    -1  2.019980126527411358e+03  2.1605368174e-03  5.3533796909e-02
    -2  2.012061441946547347e+03  2.1603271754e-03  5.3536652433e-02
    -3  2.004140861837581497e+03  2.1603561104e-03  5.3538129427e-02
    -4  1.996222212933746050e+03  2.1604189557e-03  5.3538848598e-02
    -5  1.988303989810741768e+03  2.1602628496e-03  5.3539607615e-02
    -6  1.980383739806350150e+03  2.1602726750e-03  5.3538427373e-02
    -7  1.972465294665255215e+03  2.1603550256e-03  5.3534877807e-02
    -8  1.964547308141987287e+03  2.1602293510e-03  5.3534106395e-02
    -9  1.956627347067324536e+03  2.1602404750e-03  5.3535597351e-02
