     0  2.020001410353153460e+03  2.1718674032e-03  4.5131630062e-02
     1  2.031907341330372446e+03  2.1699080949e-03  4.5151337984e-02
     2  2.043814085292648997e+03  2.1714492970e-03  4.5142285396e-02
     3  2.055717617373042685e+03  2.1694005178e-03  4.5163312990e-02
     4  2.067622002579490072e+03  2.1708087843e-03  4.5155210386e-02
     5  2.079523041152613132e+03  2.1687061017e-03  4.5179405095e-02
     6  2.091425038980573845e+03  2.1700274462e-03  4.5178993205e-02
     7  2.103323710475463940e+03  2.1678692337e-03  4.5202696445e-02
     8  2.115223357708249296e+03  2.1690878173e-03  4.5202727779e-02
     9  2.127119776497090243e+03  2.1669070288e-03  4.5229044035e-02
    10  2.139017263066347368e+03  2.1680706802e-03  4.5235581609e-02
    11  2.150911744463552623e+03  2.1658553828e-03  4.5260244009e-02
    12  2.162807295245016576e+03  2.1669524499e-03  4.5266468822e-02
    13  2.174700126319700757e+03  2.1647352741e-03  4.5293876244e-02
    14  2.186594113706677945e+03  2.1658067290e-03  4.5305193545e-02
    15  2.198485745589155613e+03  2.1635664981e-03  4.5330108385e-02
    16  2.210378527872709128e+03  2.1646006968e-03  4.5340751972e-02
    17  2.222269362209832252e+03  2.1623709814e-03  4.5368818672e-02
    18  2.234161430528244637e+03  2.1633955805e-03  4.5383342966e-02
    19  2.246051982961936574e+03  2.1611474728e-03  4.5408283727e-02
    20  2.257943757654878937e+03  2.1621494647e-03  4.5422461675e-02
    21  2.269834473804651225e+03  2.1599170403e-03  4.5450978487e-02
    22  2.281726487728904885e+03  2.1609077974e-03  4.5468245037e-02
    23  2.293617868931856265e+03  2.1586562840e-03  4.5493218711e-02
    24  2.305510528371640703e+03  2.1596220537e-03  4.5511158688e-02
    25  2.317402989578274628e+03  2.1573847112e-03  4.5540007503e-02
    26  2.329296788204906989e+03  2.1583206700e-03  4.5560747698e-02
    27  2.341190739928179028e+03  2.1560593640e-03  4.5585862412e-02
    28  2.353085995815347360e+03  2.1569520192e-03  4.5608795947e-02
    29  2.364981751592499677e+03  2.1546985723e-03  4.5637903121e-02
    30  2.376878842152839297e+03  2.1555289779e-03  4.5663815104e-02
    31  2.388776657054254883e+03  2.1532452206e-03  4.5689166663e-02
    32  2.400675746596219597e+03  2.1540006385e-03  4.5718976645e-02
    33  2.412575775716621592e+03  2.1517181289e-03  4.5748265213e-02
    34  2.424477062643113186e+03  2.1523687210e-03  4.5781514369e-02
    35  2.436379363514568468e+03  2.1500529214e-03  4.5807091595e-02
    36  2.448282812132338677e+03  2.1505870009e-03  4.5845752051e-02
    37  2.460187349893648843e+03  2.1482716855e-03  4.5875092450e-02
    38  2.472092944862368768e+03  2.1486526868e-03  4.5917631058e-02
    39  2.483999569637946024e+03  2.1463095752e-03  4.5943280718e-02
    40  2.495907061183360838e+03  2.1465279755e-03  4.5992213905e-02
    41  2.507815551225082345e+03  2.1441949745e-03  4.6021401471e-02
    42  2.519724714950507860e+03  2.1442127121e-03  4.6074330907e-02
    43  2.531634738888162701e+03  2.1418679128e-03  4.6099779932e-02
    44  2.543545136691195694e+03  2.1416803710e-03  4.6159377045e-02
    45  2.555456323895190053e+03  2.1393654821e-03  4.6188130674e-02
    46  2.567367568392303383e+03  2.1389392719e-03  4.6251356317e-02
    47  2.579279461805004757e+03  2.1366361041e-03  4.6276254112e-02
    48  2.591190989228994567e+03  2.1359758063e-03  4.6345737427e-02
    49  2.603103133331541812e+03  2.1337271837e-03  4.6373716776e-02
    50  2.615014471839767793e+03  2.1328101720e-03  4.6445968664e-02
    51  2.626926357387987991e+03  2.1305975050e-03  4.6469947816e-02
    52  2.638836905433919128e+03  2.1294420673e-03  4.6547550646e-02
    53  2.650748069505170406e+03  2.1273056076e-03  4.6574414021e-02
    54  2.662657366652718338e+03  2.1259037085e-03  4.6653535166e-02
    55  2.674567326837074233e+03  2.1238208564e-03  4.6676303297e-02
    56  2.686474831222532885e+03  2.1222068100e-03  4.6759646026e-02
    57  2.698383197251508136e+03  2.1202122427e-03  4.6785140547e-02
    58  2.710288555357347832e+03  2.1183915914e-03  4.6868526981e-02
    59  2.722194946288872870e+03  2.1164571704e-03  4.6889964478e-02
    60  2.734097764960030418e+03  2.1144782742e-03  4.6976526130e-02
    61  2.746001935600525485e+03  2.1126317589e-03  4.7000558786e-02
    62  2.757902043584480452e+03  2.1105070494e-03  4.7085665336e-02
    63  2.769803774265299126e+03  2.1087159169e-03  4.7105881569e-02
    64  2.781700988493973000e+03  2.1065018642e-03  4.7193465794e-02
    65  2.793600231459698534e+03  2.1047871382e-03  4.7216110983e-02
    66  2.805494599829390154e+03  2.1024933504e-03  4.7300903311e-02
    67  2.817391329816399775e+03  2.1008216196e-03  4.7320222102e-02
    68  2.829282899283980441e+03  2.0985059016e-03  4.7407268719e-02
    69  2.841177285609203864e+03  2.0968922347e-03  4.7428712200e-02
    70  2.853066313494136921e+03  2.0945533797e-03  4.7511910392e-02
    71  2.864958523392629104e+03  2.0929683763e-03  4.7530786172e-02
    72  2.876845264437918104e+03  2.0906609810e-03  4.7616404047e-02
    73  2.888735664784536766e+03  2.0891141650e-03  4.7636859664e-02
    74  2.900620536278631789e+03  2.0868230822e-03  4.7717894543e-02
    75  2.912509450437016767e+03  2.0852941537e-03  4.7736782177e-02
    76  2.924392861805155007e+03  2.0830688442e-03  4.7820525732e-02
    77  2.936280799189886238e+03  2.0815614894e-03  4.7840164591e-02
    78  2.948163254976695498e+03  2.0793745142e-03  4.7918910199e-02
    79  2.960050633322020531e+03  2.0778815232e-03  4.7938124674e-02
    80  2.971932628043010482e+03  2.0757764315e-03  4.8019669171e-02
    81  2.983820020086266595e+03  2.0742951127e-03  4.8038578852e-02
    82  2.995702065674424830e+03  2.0722368078e-03  4.8114990163e-02
    83  3.007589908494292104e+03  2.0707748835e-03  4.8134599738e-02
    84  3.019472508733183531e+03  2.0688004999e-03  4.8213460189e-02
    85  3.031361349001214876e+03  2.0673489069e-03  4.8231621507e-02
    86  3.043244946519310361e+03  2.0654216307e-03  4.8305380823e-02
    87  3.055135163169390125e+03  2.0640023817e-03  4.8325167709e-02
    88  3.067020195256452553e+03  2.0621531571e-03  4.8400503127e-02
    89  3.078912223077370527e+03  2.0607518129e-03  4.8417763309e-02
    90  3.090798995392740380e+03  2.0589481972e-03  4.8488008097e-02
    91  3.102693084797742813e+03  2.0575984871e-03  4.8507499456e-02
    92  3.114581899151966354e+03  2.0558669704e-03  4.8577987687e-02
    93  3.126478303826411775e+03  2.0545507502e-03  4.8594035216e-02
    94  3.138369276025203817e+03  2.0528685553e-03  4.8659234972e-02
    95  3.150268065069803924e+03  2.0516277564e-03  4.8677777290e-02
    96  3.162161309286078449e+03  2.0500200753e-03  4.8741589976e-02
    97  3.174062514773750536e+03  2.0488342724e-03  4.8755955456e-02
    98  3.185957927248723990e+03  2.0472914835e-03  4.8814000567e-02
    99  3.197861412834527528e+03  2.0462070675e-03  4.8830850830e-02
   100  3.209758896904297217e+03  2.0447562079e-03  4.8885801733e-02
   101  3.221664470172580423e+03  2.0437507128e-03  4.8897907197e-02
   102  3.233563705583362207e+03  2.0423958282e-03  4.8946423756e-02
   103  3.245471036982836722e+03  2.0415163636e-03  4.8960853660e-02
   104  3.257371731882083623e+03  2.0402872090e-03  4.9004730619e-02
   105  3.269280441246619375e+03  2.0395080542e-03  4.9013997826e-02
   106  3.281182100914481452e+03  2.0384189001e-03  4.9050802942e-02
   107  3.293091714294325811e+03  2.0377843806e-03  4.9062221091e-02
    -1  2.008092480009432393e+03  2.1702188178e-03  4.5148650961e-02
    -2  1.996184237636927264e+03  2.1720802189e-03  4.5133777930e-02
    -3  1.984273361650775087e+03  2.1702876055e-03  4.5151212223e-02
    -4  1.972363117413644886e+03  2.1720117249e-03  4.5140268342e-02
    -5  1.960450652792386563e+03  2.1701136712e-03  4.5164569725e-02
