     0  2.021070466705771651e+03  4.8752566349e-05  8.7351581896e-02
     1  2.023578303734114343e+03  4.8711215061e-05  8.7356162957e-02
     2  2.026086197880630607e+03  4.8700302081e-05  8.7347261348e-02
     3  2.028594118061075505e+03  4.8706342174e-05  8.7349235113e-02
     4  2.031101983522224145e+03  4.8669121134e-05  8.7346796938e-02
     5  2.033609937152127486e+03  4.8597045676e-05  8.7328725907e-02
     6  2.036117857300144351e+03  4.8613460813e-05  8.7333045234e-02
     7  2.038625791975053517e+03  4.8586236704e-05  8.7327795536e-02
     8  2.041133954148611792e+03  4.8508907355e-05  8.7311075122e-02
     9  2.043641918086677833e+03  4.8541573568e-05  8.7316315851e-02
    10  2.046149892054710563e+03  4.8514643802e-05  8.7309433332e-02
    11  2.048658235643079934e+03  4.8557462374e-05  8.7313790182e-02
    12  2.051166236118875531e+03  4.8587335042e-05  8.7316305769e-02
    13  2.053674238159513607e+03  4.8574214889e-05  8.7311600872e-02
    14  2.056182417113287102e+03  4.8688056864e-05  8.7335483214e-02
    15  2.058690329630409906e+03  4.8720016340e-05  8.7336379984e-02
    16  2.061198283915659431e+03  4.8715950993e-05  8.7335761515e-02
    17  2.063706208194925694e+03  4.8738819527e-05  8.7354623754e-02
    18  2.066214082885549487e+03  4.8766433770e-05  8.7352289954e-02
    19  2.068722011422624746e+03  4.8765937235e-05  8.7352711672e-02
    20  2.071229846571830421e+03  4.8733229729e-05  8.7360752051e-02
    21  2.073737736656055404e+03  4.8737069035e-05  8.7354104192e-02
    22  2.076245658378235930e+03  4.8740656020e-05  8.7355560950e-02
    23  2.078753514078729495e+03  4.8703084574e-05  8.7355139336e-02
    24  2.081261433214678618e+03  4.8646495497e-05  8.7338661007e-02
    25  2.083769349332328602e+03  4.8659801742e-05  8.7342703519e-02
    26  2.086277270865352421e+03  4.8628629674e-05  8.7337882749e-02
    27  2.088785357313604891e+03  4.8542000152e-05  8.7318981839e-02
    28  2.091293306876788847e+03  4.8571758661e-05  8.7324291735e-02
    29  2.093801258611922094e+03  4.8541931426e-05  8.7317231597e-02
    30  2.096309577325627288e+03  4.8538596607e-05  8.7314084228e-02
    31  2.098817581883176445e+03  4.8566046846e-05  8.7316893242e-02
    32  2.101325584904445350e+03  4.8550558213e-05  8.7311578731e-02
    33  2.103833843041515593e+03  4.8665059753e-05  8.7331694147e-02
    34  2.106341773752115387e+03  4.8698252149e-05  8.7333515460e-02
    35  2.108849743414672048e+03  4.8692706931e-05  8.7332253292e-02
    36  2.111357725916634081e+03  4.8744352355e-05  8.7353729830e-02
    37  2.113865604856483515e+03  4.8777796345e-05  8.7352894536e-02
    38  2.116373535994443046e+03  4.8774714352e-05  8.7352476693e-02
    39  2.118881377466623235e+03  4.8754913361e-05  8.7364045177e-02
    40  2.121389267246985128e+03  4.8770961771e-05  8.7359415553e-02
    41  2.123897189557922957e+03  4.8772484708e-05  8.7360329893e-02
    42  2.126405036370387734e+03  4.8736477044e-05  8.7362233122e-02
    43  2.128912933304296530e+03  4.8695908810e-05  8.7347666170e-02
    44  2.131420848445019146e+03  4.8706353280e-05  8.7351360520e-02
    45  2.133928759493167945e+03  4.8671260142e-05  8.7347163399e-02
    46  2.136436781922795035e+03  4.8587208411e-05  8.7327671601e-02
    47  2.138944719185734357e+03  4.8613944817e-05  8.7332917126e-02
    48  2.141452650373864799e+03  4.8581291743e-05  8.7325898698e-02
    49  2.143960918927495641e+03  4.8538757905e-05  8.7316610779e-02
    50  2.146468919116073266e+03  4.8563318175e-05  8.7319582376e-02
    51  2.148976914958146608e+03  4.8545516220e-05  8.7313810028e-02
    52  2.151485230052197039e+03  4.8642115039e-05  8.7328371706e-02
    53  2.153993179072374915e+03  4.8675404328e-05  8.7330941669e-02
    54  2.156501164524481283e+03  4.8668717063e-05  8.7329139031e-02
    55  2.159009216665663644e+03  4.8747108582e-05  8.7351953175e-02
    56  2.161517103262666296e+03  4.8784601211e-05  8.7352407999e-02
    57  2.164025039508199825e+03  4.8779044813e-05  8.7351165187e-02
    58  2.166532897774990488e+03  4.8776332545e-05  8.7366173807e-02
    59  2.169040789844244046e+03  4.8801964626e-05  8.7363270359e-02
    60  2.171548712206069467e+03  4.8801723169e-05  8.7363625939e-02
    61  2.174056552036705398e+03  4.8769592007e-05  8.7368114057e-02
    62  2.176564435399032845e+03  4.8744126853e-05  8.7355570470e-02
    63  2.179072351290957158e+03  4.8751989123e-05  8.7358871929e-02
    64  2.181580252884217771e+03  4.8713337799e-05  8.7355513640e-02
    65  2.184088224844819706e+03  4.8639277072e-05  8.7336531297e-02
    66  2.186596153362196674e+03  4.8662970843e-05  8.7341594858e-02
    67  2.189104067230515739e+03  4.8627644841e-05  8.7334837748e-02
    68  2.191612272212828429e+03  4.8558113174e-05  8.7321092969e-02
    69  2.194120261889293033e+03  4.8579695946e-05  8.7324149534e-02
    70  2.196628244391790304e+03  4.8559601466e-05  8.7318071583e-02
    71  2.199136588795825446e+03  4.8623469236e-05  8.7325969991e-02
    72  2.201644554006368253e+03  4.8655993467e-05  8.7329139159e-02
    73  2.204152553606335005e+03  4.8648347280e-05  8.7326870285e-02
    74  2.206660681861032572e+03  4.8746974468e-05  8.7349486472e-02
    75  2.209168579834437878e+03  4.8787061454e-05  8.7351053919e-02
    76  2.211676524240094295e+03  4.8779093176e-05  8.7349007875e-02
    77  2.214184411605065179e+03  4.8797250647e-05  8.7367212875e-02
    78  2.216692307873750451e+03  4.8829908239e-05  8.7365732188e-02
    79  2.219200230500312045e+03  4.8828073887e-05  8.7365508616e-02
    80  2.221708066726633660e+03  4.8802565296e-05  8.7372813163e-02
    81  2.224215942324348816e+03  4.8790702864e-05  8.7362302554e-02
    82  2.226723859715400977e+03  4.8796248552e-05  8.7365181901e-02
    83  2.229231751791534407e+03  4.8754943384e-05  8.7362943703e-02
    84  2.231739685910333264e+03  4.8694950380e-05  8.7345206047e-02
    85  2.234247609403972092e+03  4.8715622241e-05  8.7349982422e-02
    86  2.236755509340470326e+03  4.8677872516e-05  8.7343714844e-02
    87  2.239263646616137066e+03  4.8594486537e-05  8.7327168998e-02
    88  2.241771622482829571e+03  4.8613227737e-05  8.7330264400e-02
    89  2.244279587855136469e+03  4.8590832707e-05  8.7324035082e-02
    90  2.246787932404038202e+03  4.8613644341e-05  8.7324873589e-02
    91  2.249295909649585610e+03  4.8644741787e-05  8.7328513882e-02
    92  2.251803919657908409e+03  4.8636088111e-05  8.7325813370e-02
    93  2.254312124449832027e+03  4.8743940790e-05  8.7346483351e-02
    94  2.256820037447981122e+03  4.8785423933e-05  8.7349013287e-02
    95  2.259327993102016535e+03  4.8775059900e-05  8.7346188589e-02
    96  2.261835923474208812e+03  4.8817038934e-05  8.7367158050e-02
    97  2.264343825487166669e+03  4.8854372224e-05  8.7366832518e-02
    98  2.266851749421776276e+03  4.8850980516e-05  8.7365998489e-02
    99  2.269359587294546600e+03  4.8835382294e-05  8.7376335398e-02
   100  2.271867458916671239e+03  4.8835465681e-05  8.7367825368e-02
   101  2.274375377866342660e+03  4.8838909407e-05  8.7370254639e-02
   102  2.276883260050698937e+03  4.8796550716e-05  8.7369510468e-02
   103  2.279391167044627764e+03  4.8752512047e-05  8.7353510796e-02
   104  2.281899088705391023e+03  4.8770193057e-05  8.7357901661e-02
   105  2.284406977522878151e+03  4.8730400665e-05  8.7352375579e-02
   106  2.286915049288728369e+03  4.8644950939e-05  8.7334505607e-02
   107  2.289423010603937200e+03  4.8661027178e-05  8.7337593753e-02
   108  2.291930957141449198e+03  4.8636315809e-05  8.7331378337e-02
   109  2.294439273955254066e+03  4.8617168799e-05  8.7325424987e-02
   110  2.296947257403412550e+03  4.8646310130e-05  8.7329420607e-02
   111  2.299455272025714294e+03  4.8636346207e-05  8.7326295392e-02
   112  2.301963546256667541e+03  4.8738438058e-05  8.7343125414e-02
   113  2.304471477357802087e+03  4.8780298885e-05  8.7346486749e-02
   114  2.306979446796161483e+03  4.8767512639e-05  8.7342911527e-02
   115  2.309487435380768602e+03  4.8834625658e-05  8.7365939222e-02
   116  2.311995344825482789e+03  4.8874655747e-05  8.7366575418e-02
   117  2.314503271978660450e+03  4.8869622816e-05  8.7365089155e-02
   118  2.317011119246727048e+03  4.8867889578e-05  8.7378648827e-02
   119  2.319518989312795384e+03  4.8878249333e-05  8.7372091686e-02
   120  2.322026909408657048e+03  4.8879724124e-05  8.7374030935e-02
   121  2.324534781787652264e+03  4.8838667156e-05  8.7375242357e-02
   122  2.327042670338908010e+03  4.8811055874e-05  8.7361318381e-02
   123  2.329550592491598763e+03  4.8825774939e-05  8.7365227575e-02
   124  2.332058472110031744e+03  4.8784522656e-05  8.7360736680e-02
   125  2.334566484756504906e+03  4.8706528355e-05  8.7342805990e-02
   126  2.337074432769822579e+03  4.8720029222e-05  8.7345815786e-02
   127  2.339582360430910285e+03  4.8693018741e-05  8.7339804449e-02
   128  2.342090625227685905e+03  4.8638042492e-05  8.7327923526e-02
   129  2.344598607994224949e+03  4.8664782780e-05  8.7332159516e-02
   130  2.347106619759192199e+03  4.8653029841e-05  8.7328623664e-02
   131  2.349614946928503286e+03  4.8732075192e-05  8.7339733069e-02
   132  2.352122897806955280e+03  4.8773414914e-05  8.7343802352e-02
   133  2.354630882127815767e+03  4.8758143199e-05  8.7339513756e-02
   134  2.357138944277197879e+03  4.8848552880e-05  8.7363475144e-02
   135  2.359646863681266950e+03  4.8889762884e-05  8.7364962400e-02
   136  2.362154796930330576e+03  4.8882915263e-05  8.7362778164e-02
   137  2.364662664790787858e+03  4.8899661048e-05  8.7379673784e-02
   138  2.367170534953526840e+03  4.8918614969e-05  8.7375010085e-02
   139  2.369678455587775261e+03  4.8918151227e-05  8.7376399943e-02
   140  2.372186319459035985e+03  4.8881541554e-05  8.7380087721e-02
   141  2.374694196329668102e+03  4.8869832275e-05  8.7368466610e-02
   142  2.377202120229465436e+03  4.8881615359e-05  8.7371798201e-02
   143  2.379709991568376608e+03  4.8839802019e-05  8.7368694664e-02
   144  2.382217954326356448e+03  4.8776181024e-05  8.7351758930e-02
   145  2.384725891719275296e+03  4.8787072498e-05  8.7354584891e-02
   146  2.387233801747930102e+03  4.8757877692e-05  8.7349008256e-02
   147  2.389741996340534570e+03  4.8678760088e-05  8.7332572349e-02
   148  2.392249971548613303e+03  4.8702717280e-05  8.7336923741e-02
   149  2.394757972341933055e+03  4.8688684555e-05  8.7333041426e-02
   150  2.397266325257107837e+03  4.8728775493e-05  8.7336881757e-02
   151  2.399774294878543515e+03  4.8768784470e-05  8.7341530783e-02
   152  2.402282292421074544e+03  4.8750937614e-05  8.7336584093e-02
   153  2.404790440563777338e+03  4.8857384776e-05  8.7359770581e-02
   154  2.407298373737535712e+03  4.8898667290e-05  8.7362053732e-02
   155  2.409806316929778859e+03  4.8889775439e-05  8.7359132485e-02
   156  2.412314221032831028e+03  4.8929844214e-05  8.7379284396e-02
   157  2.414822092868224445e+03  4.8955655847e-05  8.7376432763e-02
   158  2.417330013714020879e+03  4.8953178339e-05  8.7377196742e-02
   159  2.419837872552675435e+03  4.8925048131e-05  8.7383899193e-02
   160  2.422345742655745198e+03  4.8927913141e-05  8.7374710063e-02
   161  2.424853668332700636e+03  4.8936787133e-05  8.7377370461e-02
   162  2.427361531356912565e+03  4.8895789423e-05  8.7376076171e-02
   163  2.429869455219969041e+03  4.8850723109e-05  8.7360984529e-02
   164  2.432377385497087744e+03  4.8858882757e-05  8.7363492751e-02
   165  2.434885279976818765e+03  4.8827806660e-05  8.7358635772e-02
   166  2.437393394852521851e+03  4.8739193327e-05  8.7339377917e-02
   167  2.439901357098276549e+03  4.8760052347e-05  8.7343703397e-02
   168  2.442409339841423844e+03  4.8743407274e-05  8.7339619057e-02
   169  2.444917682094860538e+03  4.8735569935e-05  8.7335435895e-02
   170  2.447425665337271766e+03  4.8773531371e-05  8.7340521221e-02
   171  2.449933670317616361e+03  4.8753012359e-05  8.7335000509e-02
   172  2.452441908197698012e+03  4.8860650622e-05  8.7355047972e-02
   173  2.454949859859768367e+03  4.8901166034e-05  8.7358082221e-02
   174  2.457457817331853676e+03  4.8889977642e-05  8.7354404430e-02
   175  2.459965778051177494e+03  4.8957132135e-05  8.7377341606e-02
   176  2.462473653931788249e+03  4.8987998823e-05  8.7376183812e-02
   177  2.464981575721868012e+03  4.8983348820e-05  8.7376241018e-02
   178  2.467489436667552582e+03  4.8968723274e-05  8.7386452026e-02
   179  2.469997303191680658e+03  4.8984167290e-05  8.7379720217e-02
   180  2.472505229513504673e+03  4.8990163147e-05  8.7381624356e-02
   181  2.475013083637505133e+03  4.8952034573e-05  8.7382631293e-02
   182  2.477520980124371818e+03  4.8927001258e-05  8.7370008108e-02
   183  2.480028906836078932e+03  4.8932282788e-05  8.7372052392e-02
   184  2.482536788057924696e+03  4.8899930393e-05  8.7368263515e-02
   185  2.485044824045415226e+03  4.8816031185e-05  8.7348044371e-02
   186  2.487552770876069189e+03  4.8833563945e-05  8.7352188045e-02
   187  2.490060731319795195e+03  4.8814237151e-05  8.7348132352e-02
   188  2.492569023649229166e+03  4.8761304726e-05  8.7336376198e-02
   189  2.495077011111019146e+03  4.8796625726e-05  8.7341734285e-02
   190  2.497585013469014939e+03  4.8773361196e-05  8.7335761556e-02
   191  2.500093328685149572e+03  4.8860246655e-05  8.7349887365e-02
   192  2.502601302896358902e+03  4.8899302859e-05  8.7353599870e-02
   193  2.505109278067434843e+03  4.8885577310e-05  8.7349178064e-02
   194  2.507617318628204885e+03  4.8979827175e-05  8.7373765703e-02
   195  2.510125202731560421e+03  4.9013932940e-05  8.7374135448e-02
   196  2.512633128279046105e+03  4.9006914036e-05  8.7373419999e-02
   197  2.515141004138173230e+03  4.9011682333e-05  8.7387482368e-02
   198  2.517648869112698776e+03  4.9037229497e-05  8.7383121630e-02
   199  2.520156794434358289e+03  4.9040382496e-05  8.7384201717e-02
   200  2.522664639697849452e+03  4.9008057742e-05  8.7388054040e-02
   201  2.525172519438097879e+03  4.9002158915e-05  8.7378272141e-02
   202  2.527680445350572427e+03  4.9004450909e-05  8.7379714228e-02
   203  2.530188315149297978e+03  4.8971854520e-05  8.7377407267e-02
   204  2.532696282949701072e+03  4.8903324664e-05  8.7357932887e-02
   205  2.535204215666992695e+03  4.8917409484e-05  8.7361735120e-02
   206  2.537712153464518906e+03  4.8895628868e-05  8.7358010735e-02
   207  2.540220364278765828e+03  4.8812285948e-05  8.7340386181e-02
   208  2.542728344660756647e+03  4.8844535830e-05  8.7345837382e-02
   209  2.545236332487144409e+03  4.8818517805e-05  8.7339576981e-02
   210  2.547744691641786176e+03  4.8861994495e-05  8.7345315047e-02
   211  2.550252689033079150e+03  4.8898998263e-05  8.7349586484e-02
   212  2.552760681873068279e+03  4.8882545253e-05  8.7344474695e-02
   213  2.555268822479480150e+03  4.8996286881e-05  8.7368660504e-02
   214  2.557776721339594133e+03  4.9031913134e-05  8.7370342311e-02
   215  2.560284656159383758e+03  4.9022349834e-05  8.7368823062e-02
   216  2.562792567016904286e+03  4.9052470760e-05  8.7386750579e-02
   217  2.565300432510684459e+03  4.9085437210e-05  8.7384566777e-02
   218  2.567808356014223591e+03  4.9085785657e-05  8.7384780873e-02
   219  2.570316195167258229e+03  4.9063224602e-05  8.7392028465e-02
   220  2.572824066637638225e+03  4.9073850299e-05  8.7385199248e-02
   221  2.575331993119528761e+03  4.9073111934e-05  8.7385927509e-02
   222  2.577839852494503702e+03  4.9041850279e-05  8.7385573857e-02
   223  2.580347769533526389e+03  4.8994184690e-05  8.7368152253e-02
   224  2.582855692618423291e+03  4.9004810225e-05  8.7371466503e-02
   225  2.585363610926798628e+03  4.8981101773e-05  8.7368425018e-02
   226  2.587871725849245649e+03  4.8887741097e-05  8.7347430653e-02
   227  2.590379690392263001e+03  4.8916672258e-05  8.7352792331e-02
   228  2.592887654392849072e+03  4.8888002812e-05  8.7346448803e-02
   229  2.595396007307158925e+03  4.8876118114e-05  8.7342705809e-02
   230  2.597904022161297235e+03  4.8910573112e-05  8.7347371850e-02
   231  2.600412026449976111e+03  4.8891295175e-05  8.7341669299e-02
   232  2.602920273805531451e+03  4.9006418458e-05  8.7362487815e-02
   233  2.605428195233692350e+03  4.9042070347e-05  8.7365228183e-02
   234  2.607936146519736212e+03  4.9029864937e-05  8.7362922664e-02
   235  2.610444118963418077e+03  4.9089398650e-05  8.7384147345e-02
   236  2.612951988471196728e+03  4.9127203529e-05  8.7383859867e-02
   237  2.615459911639025904e+03  4.9124788693e-05  8.7383197432e-02
   238  2.617967752549855504e+03  4.9116938034e-05  8.7394309165e-02
   239  2.620475621373123886e+03  4.9140627760e-05  8.7390309352e-02
   240  2.622983548219124714e+03  4.9136899829e-05  8.7390251305e-02
   241  2.625491397498864899e+03  4.9109190766e-05  8.7392359419e-02
   242  2.627999282862346263e+03  4.9083057531e-05  8.7377777757e-02
   243  2.630507201878550404e+03  4.9090307149e-05  8.7380487368e-02
   244  2.633015105379136003e+03  4.9065492372e-05  8.7378506642e-02
   245  2.635523129681303544e+03  4.8979982108e-05  8.7356695200e-02
   246  2.638031075642078122e+03  4.9005520408e-05  8.7361799870e-02
   247  2.640539012610698137e+03  4.8974446929e-05  8.7355609996e-02
   248  2.643047307753978203e+03  4.8913703193e-05  8.7343321909e-02
   249  2.645555327823170956e+03  4.8945211513e-05  8.7348188128e-02
   250  2.648063331030009522e+03  4.8923143583e-05  8.7342036009e-02
   251  2.650571667506298581e+03  4.9013665305e-05  8.7356191020e-02
   252  2.653079617338411481e+03  4.9048163607e-05  8.7359718876e-02
   253  2.655587590706114952e+03  4.9033339730e-05  8.7356697736e-02
   254  2.658095652731211430e+03  4.9121143826e-05  8.7379803270e-02
   255  2.660603532017663383e+03  4.9161572452e-05  8.7381081216e-02
   256  2.663111459456265948e+03  4.9156441317e-05  8.7379563845e-02
   257  2.665619316865690962e+03  4.9168813001e-05  8.7394793150e-02
   258  2.668127186188842188e+03  4.9202053925e-05  8.7393327164e-02
   259  2.670635112226610545e+03  4.9195452049e-05  8.7392453437e-02
   260  2.673142952130761387e+03  4.9174195479e-05  8.7397531962e-02
   261  2.675650821719444139e+03  4.9167049383e-05  8.7386075415e-02
   262  2.678158740792684966e+03  4.9171073715e-05  8.7388104755e-02
   263  2.680666633271044702e+03  4.9146266399e-05  8.7387569769e-02
   264  2.683174586140632073e+03  4.9079118171e-05  8.7366945220e-02
   265  2.685682516798836787e+03  4.9101327548e-05  8.7371656890e-02
   266  2.688190429607705482e+03  4.9068257582e-05  8.7365878634e-02
   267  2.690698632502629152e+03  4.8979358182e-05  8.7347629078e-02
   268  2.693206643664045714e+03  4.9007606979e-05  8.7352491949e-02
   269  2.695714631570182064e+03  4.8982940145e-05  8.7346064357e-02
   270  2.698223013394068403e+03  4.9025825566e-05  8.7351107494e-02
   271  2.700730991331446603e+03  4.9058335313e-05  8.7355157828e-02
   272  2.703238986591657522e+03  4.9041061658e-05  8.7351539022e-02
   273  2.705747158039116584e+03  4.9147260129e-05  8.7374148483e-02
   274  2.708255054737692262e+03  4.9188607623e-05  8.7376652422e-02
   275  2.710762993646951145e+03  4.9180817415e-05  8.7374329559e-02
   276  2.713270889120714401e+03  4.9218438260e-05  8.7393540965e-02
   277  2.715778761140802544e+03  4.9258196753e-05  8.7394219121e-02
   278  2.718286685665798814e+03  4.9248896154e-05  8.7392539368e-02
   279  2.720794519257713546e+03  4.9237633655e-05  8.7401042399e-02
   280  2.723302383272006409e+03  4.9245541304e-05  8.7392613119e-02
   281  2.725810303721738364e+03  4.9246530732e-05  8.7393930514e-02
   282  2.728318186797838734e+03  4.9223121887e-05  8.7395216569e-02
   283  2.730826092028854873e+03  4.9177548122e-05  8.7377001514e-02
   284  2.733334013736391171e+03  4.9196582663e-05  8.7381224474e-02
   285  2.735841908377971322e+03  4.9162075899e-05  8.7376126129e-02
   286  2.738350010224278321e+03  4.9067807178e-05  8.7355015702e-02
   287  2.740858002910027153e+03  4.9092548034e-05  8.7359683535e-02
   288  2.743365965960566427e+03  4.9065625766e-05  8.7353175607e-02
   289  2.745874336136940201e+03  4.9053333792e-05  8.7348593932e-02
   290  2.748382333545086567e+03  4.9083332008e-05  8.7352928238e-02
   291  2.750890342407037224e+03  4.9063922905e-05  8.7348862960e-02
   292  2.753398624114216091e+03  4.9169147903e-05  8.7367917584e-02
   293  2.755906545599552828e+03  4.9210228438e-05  8.7371335475e-02
   294  2.758414503425391558e+03  4.9199849676e-05  8.7368276241e-02
   295  2.760922462397453273e+03  4.9265465347e-05  8.7390770377e-02
   296  2.763430340066606277e+03  4.9309396753e-05  8.7393178722e-02
   297  2.765938264253649322e+03  4.9297616073e-05  8.7390732203e-02
   298  2.768446098820477800e+03  4.9300362989e-05  8.7402990873e-02
   299  2.770953961973778860e+03  4.9319325726e-05  8.7397261544e-02
   300  2.773461882598248394e+03  4.9317490668e-05  8.7397874803e-02
   301  2.775969756098941161e+03  4.9297120464e-05  8.7401332204e-02
   302  2.778477634421750736e+03  4.9271711605e-05  8.7386052203e-02
   303  2.780985553026251637e+03  4.9287766971e-05  8.7389730162e-02
   304  2.783493435049771961e+03  4.9252514612e-05  8.7385582609e-02
   305  2.786001447817061035e+03  4.9168810330e-05  8.7364229788e-02
   306  2.788509419787837942e+03  4.9189848179e-05  8.7368539324e-02
   307  2.791017355790209422e+03  4.9161133764e-05  8.7362156330e-02
   308  2.793525664638162652e+03  4.9104236414e-05  8.7349466585e-02
   309  2.796033667010053705e+03  4.9131442632e-05  8.7353885862e-02
   310  2.798541675451266201e+03  4.9110333229e-05  8.7349539984e-02
   311  2.801050043783926412e+03  4.9190750730e-05  8.7362058251e-02
   312  2.803557994091404908e+03  4.9230811932e-05  8.7366127008e-02
   313  2.806065975203893686e+03  4.9217927220e-05  8.7362410399e-02
   314  2.808574021414521667e+03  4.9309767200e-05  8.7386813737e-02
   315  2.811081909384384744e+03  4.9356170889e-05  8.7390560229e-02
   316  2.813589836899770944e+03  4.9342157112e-05  8.7387404417e-02
   317  2.816097684865653719e+03  4.9363067595e-05  8.7403554730e-02
   318  2.818605548450891547e+03  4.9389684457e-05  8.7400104355e-02
   319  2.821113467037182090e+03  4.9385244852e-05  8.7400051428e-02
   320  2.823621330579444020e+03  4.9369785794e-05  8.7405994882e-02
   321  2.826129196175011657e+03  4.9361239782e-05  8.7393702412e-02
   322  2.828637114966970330e+03  4.9374511566e-05  8.7396809806e-02
   323  2.831144987454893908e+03  4.9339322749e-05  8.7393884639e-02
   324  2.833652932832370880e+03  4.9273703184e-05  8.7374034679e-02
   325  2.836160887424413431e+03  4.9290906357e-05  8.7377861218e-02
   326  2.838668799736060009e+03  4.9260933636e-05  8.7371811825e-02
   327  2.841177018880696323e+03  4.9179374057e-05  8.7353654493e-02
   328  2.843685011947355633e+03  4.9203670939e-05  8.7358003581e-02
   329  2.846193006238571343e+03  4.9181365103e-05  8.7353539031e-02
   330  2.848701417998716352e+03  4.9218113004e-05  8.7357546684e-02
   331  2.851209395475028032e+03  4.9256709094e-05  8.7362057734e-02
   332  2.853717398620551648e+03  4.9241407981e-05  8.7357763816e-02
   333  2.856225547724146054e+03  4.9351388860e-05  8.7382051875e-02
   334  2.858733452184656926e+03  4.9399023893e-05  8.7386787421e-02
   335  2.861241388773453309e+03  4.9383034028e-05  8.7382987056e-02
   336  2.863749267386766405e+03  4.9425881630e-05  8.7402902541e-02
   337  2.866257131828024740e+03  4.9457524303e-05  8.7401309793e-02
   338  2.868765046968667775e+03  4.9450704792e-05  8.7400646902e-02
   339  2.871272901878080575e+03  4.9442302841e-05  8.7409355343e-02
   340  2.873780762586037781e+03  4.9447111187e-05  8.7399851616e-02
   341  2.876288682227563640e+03  4.9457764257e-05  8.7402381051e-02
   342  2.878796545762097594e+03  4.9423580896e-05  8.7400957371e-02
   343  2.881304446084153369e+03  4.9377738639e-05  8.7383566341e-02
   344  2.883812388907009790e+03  4.9391067011e-05  8.7386826883e-02
   345  2.886320283070013375e+03  4.9360394736e-05  8.7381322971e-02
   346  2.888828406485630694e+03  4.9273175244e-05  8.7360403259e-02
   347  2.891336381247363079e+03  4.9294538620e-05  8.7364567885e-02
   348  2.893844352884086675e+03  4.9271532026e-05  8.7360128525e-02
   349  2.896352757895305331e+03  4.9258170886e-05  8.7355202066e-02
   350  2.898860754750070100e+03  4.9295036766e-05  8.7359994881e-02
   351  2.901368772467808412e+03  4.9277410182e-05  8.7355199394e-02
   352  2.903877026744718933e+03  4.9390890815e-05  8.7376883639e-02
   353  2.906384954213767742e+03  4.9438765740e-05  8.7382307066e-02
   354  2.908892906352295086e+03  4.9421039801e-05  8.7377924837e-02
   355  2.911400836315073775e+03  4.9488490251e-05  8.7401149189e-02
   356  2.913908702998623994e+03  4.9523224612e-05  8.7401041902e-02
   357  2.916416615286244451e+03  4.9514249516e-05  8.7399830462e-02
   358  2.918924466043186385e+03  4.9515464731e-05  8.7411557466e-02
   359  2.921432325208646034e+03  4.9530606908e-05  8.7404548860e-02
   360  2.923940244620568137e+03  4.9538757784e-05  8.7406498718e-02
   361  2.926448098228818708e+03  4.9506716789e-05  8.7406880230e-02
   362  2.928955971879025583e+03  4.9479467481e-05  8.7392364428e-02
   363  2.931463908241387799e+03  4.9488997787e-05  8.7395013767e-02
   364  2.933971789321498363e+03  4.9458188471e-05  8.7390278451e-02
   365  2.936479826212827447e+03  4.9378489209e-05  8.7368780765e-02
   366  2.938987780061481772e+03  4.9396936336e-05  8.7372679805e-02
   367  2.941495726745226420e+03  4.9373629464e-05  8.7368386936e-02
   368  2.944004080472465375e+03  4.9316761826e-05  8.7355548954e-02
   369  2.946512084550629424e+03  4.9351713504e-05  8.7360498506e-02
   370  2.949020104863337110e+03  4.9331851883e-05  8.7355272438e-02
   371  2.951528450384480948e+03  4.9429663370e-05  8.7371732277e-02
   372  2.954036406039003396e+03  4.9476890501e-05  8.7377590877e-02
   373  2.956544379194768226e+03  4.9457617401e-05  8.7372680543e-02
   374  2.959052382805403340e+03  4.9550174312e-05  8.7398336147e-02
   375  2.961560255078792125e+03  4.9586596335e-05  8.7399407753e-02
   376  2.964068167659737810e+03  4.9575677735e-05  8.7397700929e-02
   377  2.966576023040248401e+03  4.9589710766e-05  8.7412681665e-02
   378  2.969083881591910085e+03  4.9612772478e-05  8.7407864470e-02
   379  2.971591799057291155e+03  4.9618484990e-05  8.7409229434e-02
   380  2.974099641446370697e+03  4.9590045821e-05  8.7411770192e-02
   381  2.976607501712966041e+03  4.9579184643e-05  8.7400228962e-02
   382  2.979115435426788736e+03  4.9585105051e-05  8.7402249260e-02
   383  2.981623306723289716e+03  4.9554744376e-05  8.7398533964e-02
   384  2.984131273717085151e+03  4.9489842586e-05  8.7378010860e-02
   385  2.986639208977034286e+03  4.9505399250e-05  8.7381586050e-02
   386  2.989147132974600936e+03  4.9482034134e-05  8.7377548602e-02
   387  2.991655404168734094e+03  4.9396513743e-05  8.7358753252e-02
   388  2.994163402288113048e+03  4.9429384713e-05  8.7363756438e-02
   389  2.996671411991149853e+03  4.9407381966e-05  8.7358171132e-02
   390  2.999179818486971726e+03  4.9470170309e-05  8.7367099497e-02
   391  3.001687804393274291e+03  4.9515929660e-05  8.7373191088e-02
   392  3.004195801167519221e+03  4.9495217113e-05  8.7367794155e-02
   393  3.006703899862018716e+03  4.9609578164e-05  8.7394437412e-02
   394  3.009211783562257096e+03  4.9646649836e-05  8.7396443485e-02
   395  3.011719702384642915e+03  4.9633964050e-05  8.7394274136e-02
   396  3.014227576815374505e+03  4.9664845475e-05  8.7412697670e-02
   397  3.016735435113407220e+03  4.9693905761e-05  8.7409790366e-02
   398  3.019243349406823654e+03  4.9697197746e-05  8.7410556090e-02
   399  3.021751180404559818e+03  4.9674356339e-05  8.7415688439e-02
   400  3.024259035997275532e+03  4.9677480987e-05  8.7407046200e-02
   401  3.026766969172815607e+03  4.9680044521e-05  8.7408432558e-02
   402  3.029274831966448346e+03  4.9650812724e-05  8.7406042896e-02
   403  3.031782748018059010e+03  4.9603739520e-05  8.7387523049e-02
   404  3.034290670015683645e+03  4.9616422162e-05  8.7390727753e-02
   405  3.036798576054495243e+03  4.9593086696e-05  8.7387069124e-02
   406  3.039306749337280053e+03  4.9496124030e-05  8.7364651737e-02
   407  3.041814730803299881e+03  4.9526735438e-05  8.7369615875e-02
   408  3.044322718944021744e+03  4.9502698994e-05  8.7363753368e-02
   409  3.046831142204826847e+03  4.9516917448e-05  8.7363688408e-02
   410  3.049339155172020128e+03  4.9560507945e-05  8.7369862380e-02
   411  3.051847173002578984e+03  4.9538370322e-05  8.7364009571e-02
   412  3.054355382709603418e+03  4.9665036021e-05  8.7389444323e-02
   413  3.056863286028134098e+03  4.9701953334e-05  8.7392189532e-02
   414  3.059371219527571157e+03  4.9687608898e-05  8.7389562904e-02
   415  3.061879134470355893e+03  4.9740058080e-05  8.7411463211e-02
   416  3.064386993743614312e+03  4.9773531588e-05  8.7410208904e-02
   417  3.066894905129196559e+03  4.9774388579e-05  8.7410350868e-02
   418  3.069402727345172025e+03  4.9759999072e-05  8.7418602450e-02
   419  3.071910583096328537e+03  4.9774751685e-05  8.7412682878e-02
   420  3.074418516123842892e+03  4.9774209142e-05  8.7413429641e-02
   421  3.076926369733573210e+03  4.9747016999e-05  8.7412758135e-02
   422  3.079434253202990931e+03  4.9718133163e-05  8.7396881934e-02
   423  3.081942168409383157e+03  4.9727941554e-05  8.7399670671e-02
   424  3.084450061726690365e+03  4.9704662937e-05  8.7396567910e-02
   425  3.086958136996351641e+03  4.9611441278e-05  8.7372836057e-02
   426  3.089466096080697753e+03  4.9639597659e-05  8.7377670872e-02
   427  3.091974056400156314e+03  4.9613664255e-05  8.7371638840e-02
   428  3.094482444225970994e+03  4.9577351996e-05  8.7362484302e-02
   429  3.096990473753507558e+03  4.9618257146e-05  8.7368635994e-02
   430  3.099498502676039152e+03  4.9594628971e-05  8.7362354256e-02
   431  3.102006825271140769e+03  4.9715623453e-05  8.7383542971e-02
   432  3.104514757376916350e+03  4.9751724009e-05  8.7386865192e-02
   433  3.107022714973191796e+03  4.9735736008e-05  8.7383760023e-02
   434  3.109530699413874572e+03  4.9814101526e-05  8.7408766346e-02
   435  3.112038563001271086e+03  4.9850611837e-05  8.7408922907e-02
   436  3.114546474243968532e+03  4.9849003690e-05  8.7408408829e-02
   437  3.117054295343335525e+03  4.9847199810e-05  8.7420383817e-02
   438  3.119562152752157544e+03  4.9871295412e-05  8.7416943747e-02
   439  3.122070084314002088e+03  4.9867843161e-05  8.7417036117e-02
   440  3.124577926405730977e+03  4.9844054858e-05  8.7418596401e-02
   441  3.127085792909063457e+03  4.9832107377e-05  8.7405707181e-02
   442  3.129593706998271500e+03  4.9839025030e-05  8.7408028207e-02
   443  3.132101591436268336e+03  4.9815928287e-05  8.7405754371e-02
   444  3.134609581418669222e+03  4.9737182160e-05  8.7382712910e-02
   445  3.137117518335194291e+03  4.9762683342e-05  8.7387326516e-02
   446  3.139625450197227565e+03  4.9735040272e-05  8.7381277328e-02
   447  3.142133753536028053e+03  4.9659907939e-05  8.7364550725e-02
   448  3.144641782371058071e+03  4.9697813611e-05  8.7370607992e-02
   449  3.147149805416356230e+03  4.9672586687e-05  8.7363933053e-02
   450  3.149658217485915429e+03  4.9762595801e-05  8.7377356817e-02
   451  3.152166185217406110e+03  4.9797304623e-05  8.7381112905e-02
   452  3.154674173916065683e+03  4.9779595758e-05  8.7377492400e-02
   453  3.157182261872807885e+03  4.9884878682e-05  8.7404391255e-02
   454  3.159690136644459017e+03  4.9923183799e-05  8.7405721080e-02
   455  3.162198054323504948e+03  4.9919081531e-05  8.7404515923e-02
   456  3.164705890474806893e+03  4.9935655659e-05  8.7420794464e-02
   457  3.167213748915848555e+03  4.9966891881e-05  8.7419539991e-02
   458  3.169721676822558948e+03  4.9960656794e-05  8.7418952707e-02
   459  3.172229504924408502e+03  4.9942435333e-05  8.7423402724e-02
   460  3.174737365572984800e+03  4.9945230262e-05  8.7413594519e-02
   461  3.177245281698508734e+03  4.9949231757e-05  8.7415387576e-02
   462  3.179753158166971843e+03  4.9926719626e-05  8.7414348329e-02
   463  3.182261084457117704e+03  4.9867998489e-05  8.7393513867e-02
   464  3.184769004781909189e+03  4.9890659588e-05  8.7397812695e-02
   465  3.187276912541292404e+03  4.9861571025e-05  8.7391966062e-02
   466  3.189785099951935990e+03  4.9768513290e-05  8.7370471963e-02
   467  3.192293109775932862e+03  4.9803268831e-05  8.7376378652e-02
   468  3.194801108554081566e+03  4.9776343890e-05  8.7369372603e-02
   469  3.197309554922425832e+03  4.9812003911e-05  8.7372212850e-02
   470  3.199817556920818333e+03  4.9844811691e-05  8.7376269069e-02
   471  3.202325575388857487e+03  4.9825250691e-05  8.7372099648e-02
   472  3.204833796143060226e+03  4.9949440204e-05  8.7398288522e-02
   473  3.207341693112563917e+03  4.9988408197e-05  8.7400555179e-02
   474  3.209849628171811673e+03  4.9981799533e-05  8.7398627856e-02
   475  3.212357507596114374e+03  5.0024008357e-05  8.7419508543e-02
   476  3.214865366736467877e+03  5.0060314306e-05  8.7420108586e-02
   477  3.217373290048553827e+03  5.0051372932e-05  8.7418810199e-02
   478  3.219881104981028329e+03  5.0042174360e-05  8.7426938311e-02
   479  3.222388965284078040e+03  5.0057059216e-05  8.7420088382e-02
   480  3.224896883034984967e+03  5.0058124068e-05  8.7421288141e-02
   481  3.227404748848913641e+03  5.0037070767e-05  8.7422045560e-02
   482  3.229912636176271008e+03  4.9999368428e-05  8.7404346963e-02
   483  3.232420548346407031e+03  5.0019042080e-05  8.7408239044e-02
   484  3.234928438820733390e+03  4.9988882268e-05  8.7402906450e-02
   485  3.237436506327135248e+03  4.9898906313e-05  8.7379862330e-02
   486  3.239944486234348915e+03  4.9930460171e-05  8.7385564606e-02
   487  3.242452449352502299e+03  4.9901801764e-05  8.7378337312e-02
   488  3.244960853696970389e+03  4.9876967937e-05  8.7370115528e-02
   489  3.247468874682485875e+03  4.9907432974e-05  8.7374343673e-02
   490  3.249976907490392932e+03  4.9885900775e-05  8.7369617213e-02
   491  3.252485265672212336e+03  5.0006137226e-05  8.7390921884e-02
   492  3.254993197369423797e+03  5.0044760844e-05  8.7393895816e-02
   493  3.257501162421242498e+03  5.0035663350e-05  8.7391227070e-02
   494  3.260009125369922458e+03  5.0110174924e-05  8.7416232300e-02
   495  3.262516988378929909e+03  5.0149686611e-05  8.7418338361e-02
   496  3.265024910329400882e+03  5.0138098373e-05  8.7416297952e-02
   497  3.267532721304783536e+03  5.0143230317e-05  8.7428926083e-02
   498  3.270040581610757272e+03  5.0167469264e-05  8.7424738514e-02
   499  3.272548497428433166e+03  5.0165599998e-05  8.7425282058e-02
   500  3.275056347429034759e+03  5.0147607932e-05  8.7428555191e-02
   501  3.277564216985854728e+03  5.0128859530e-05  8.7414342395e-02
   502  3.280072128263276227e+03  5.0145456455e-05  8.7417742916e-02
   503  3.282580006765048893e+03  5.0114759373e-05  8.7413348406e-02
   504  3.285087975598214143e+03  5.0041678298e-05  8.7391445651e-02
   505  3.287595926686171424e+03  5.0070022860e-05  8.7396884307e-02
   506  3.290103854297243288e+03  5.0039707768e-05  8.7389615864e-02
   507  3.292612149861973194e+03  4.9971584191e-05  8.7372807270e-02
   508  3.295120164010816552e+03  4.9999347563e-05  8.7377085380e-02
   509  3.297628184982436323e+03  4.9975805315e-05  8.7371840537e-02
    -1  2.018562539314042624e+03  4.8750319543e-05  8.7350321688e-02
    -2  2.016054666111054757e+03  4.8730675698e-05  8.7354390125e-02
    -3  2.013546784993071924e+03  4.8734592286e-05  8.7339100960e-02
    -4  2.011038843812884807e+03  4.8736765854e-05  8.7338967165e-02
    -5  2.008530947202085599e+03  4.8707507680e-05  8.7339197768e-02
    -6  2.006022859727303057e+03  4.8612029227e-05  8.7313808997e-02
    -7  2.003514867334369683e+03  4.8622696530e-05  8.7317760026e-02
    -8  2.001006879946433628e+03  4.8591313012e-05  8.7315722587e-02
    -9  1.998498548272340486e+03  4.8505969494e-05  8.7303356516e-02
   -10  1.995990553920034927e+03  4.8530001952e-05  8.7309843914e-02
   -11  1.993482576939361934e+03  4.8494705017e-05  8.7304821105e-02
   -12  1.990974334555595306e+03  4.8546476611e-05  8.7317254735e-02
   -13  1.988466382524514529e+03  4.8569901760e-05  8.7322721551e-02
   -14  1.985958453899175538e+03  4.8550222561e-05  8.7318228068e-02
   -15  1.983450449567908208e+03  4.8634375381e-05  8.7337214333e-02
   -16  1.980942573809344822e+03  4.8669761883e-05  8.7341299885e-02
   -17  1.978434655787800921e+03  4.8660858556e-05  8.7338858710e-02
   -18  1.975926751676896629e+03  4.8688673217e-05  8.7350140515e-02
   -19  1.973418907359971854e+03  4.8734673816e-05  8.7348784180e-02
   -20  1.970910981079875000e+03  4.8729488910e-05  8.7346712693e-02
   -21  1.968403107400504950e+03  4.8720268939e-05  8.7352767234e-02
   -22  1.965895252735851045e+03  4.8745959914e-05  8.7341627960e-02
   -23  1.963387321136519404e+03  4.8745818410e-05  8.7340654432e-02
   -24  1.960879436528023234e+03  4.8721078165e-05  8.7342238201e-02
   -25  1.958371439690117313e+03  4.8655931661e-05  8.7317692868e-02
   -26  1.955863463723655514e+03  4.8664043158e-05  8.7320767367e-02
   -27  1.953355496371686741e+03  4.8632467707e-05  8.7319428196e-02
