     0  8.040965684300385874e+02  2.6611037434e-03  5.3393412956e-02
     1  8.189555600960571837e+02  2.6603979816e-03  5.3408786068e-02
     2  8.338149096662589272e+02  2.6595602900e-03  5.3421860252e-02
     3  8.486744985737309435e+02  2.6587801688e-03  5.3427742449e-02
     4  8.635342075298096916e+02  2.6583273356e-03  5.3426928509e-02
     5  8.783939150510132094e+02  2.6582711417e-03  5.3425440984e-02
     6  8.932536187740832929e+02  2.6584622147e-03  5.3428105089e-02
     7  9.081133362517825844e+02  2.6589220411e-03  5.3426241986e-02
     8  9.229730063873990957e+02  2.6596232697e-03  5.3417932866e-02
     9  9.378325117072054127e+02  2.6604314918e-03  5.3407236605e-02
    10  9.526917179333590866e+02  2.6611099554e-03  5.3395555275e-02
    11  9.675505461164300414e+02  2.6614588650e-03  5.3382126837e-02
    12  9.824089986575850162e+02  2.6614938814e-03  5.3368330675e-02
    13  9.972671233371636390e+02  2.6614390967e-03  5.3359478173e-02
    14  1.012124994238694399e+03  2.6614450887e-03  5.3357439742e-02
    15  1.026982752890620986e+03  2.6614962841e-03  5.3360690229e-02
    16  1.041840612309976905e+03  2.6614852290e-03  5.3367434623e-02
    17  1.056698764719692463e+03  2.6613393975e-03  5.3379584392e-02
    18  1.071557308568764256e+03  2.6609427492e-03  5.3395885129e-02
    19  1.086416260035082132e+03  2.6602215180e-03  5.3411646520e-02
    20  1.101275584338591671e+03  2.6592834789e-03  5.3421967271e-02
    21  1.116135187418854002e+03  2.6584818386e-03  5.3427573328e-02
    22  1.130994897598030093e+03  2.6580872980e-03  5.3429267814e-02
    23  1.145854578346116568e+03  2.6580442186e-03  5.3428707570e-02
    24  1.160714265268199370e+03  2.6581515396e-03  5.3428808527e-02
    25  1.175574008506088148e+03  2.6585723430e-03  5.3425921880e-02
    26  1.190433703161129870e+03  2.6593265111e-03  5.3419956799e-02
    27  1.205293200295273891e+03  2.6601538662e-03  5.3410735062e-02
    28  1.220152401792541013e+03  2.6607484629e-03  5.3396978917e-02
    29  1.235011261787905596e+03  2.6610344806e-03  5.3381747370e-02
    30  1.249869749180326153e+03  2.6611164946e-03  5.3369930556e-02
    31  1.264727870551393380e+03  2.6611015434e-03  5.3362858026e-02
    32  1.279585722778484069e+03  2.6610493087e-03  5.3359259593e-02
    33  1.294443495960069413e+03  2.6610305867e-03  5.3360073456e-02
    34  1.309301377709733060e+03  2.6610577932e-03  5.3368298317e-02
    35  1.324159514489073672e+03  2.6609597132e-03  5.3382564654e-02
    36  1.339018018467241291e+03  2.6605137264e-03  5.3398023183e-02
    37  1.353876956704786608e+03  2.6596987490e-03  5.3411072982e-02
    38  1.368736293853816278e+03  2.6587744408e-03  5.3422404015e-02
    39  1.383595882913307832e+03  2.6580243041e-03  5.3430443554e-02
    40  1.398455557704862940e+03  2.6576031421e-03  5.3432053012e-02
    41  1.413315231173193979e+03  2.6574713637e-03  5.3428595811e-02
    42  1.428174943034344551e+03  2.6575839364e-03  5.3428959608e-02
    43  1.443034695250335972e+03  2.6580637224e-03  5.3428590938e-02
    44  1.457894371067335896e+03  2.6588074844e-03  5.3423138527e-02
    45  1.472753870712657772e+03  2.6595354845e-03  5.3411181812e-02
    46  1.487613110707401120e+03  2.6601044775e-03  5.3396966423e-02
    47  1.502471996016442063e+03  2.6604457159e-03  5.3384143520e-02
    48  1.517330475399819534e+03  2.6605366734e-03  5.3373310822e-02
    49  1.532188591334268949e+03  2.6604362971e-03  5.3363708598e-02
    50  1.547046474881389031e+03  2.6603479384e-03  5.3358823412e-02
    51  1.561904268132487232e+03  2.6603890270e-03  5.3361806498e-02
    -1  7.892380172225839488e+02  2.6615554006e-03  5.3379527289e-02
    -2  7.743798822757861444e+02  2.6617033636e-03  5.3367727129e-02
    -3  7.595220164388864532e+02  2.6616242389e-03  5.3358045286e-02
    -4  7.446642310219183400e+02  2.6615495077e-03  5.3354453860e-02
    -5  7.298063641626864637e+02  2.6616027632e-03  5.3358735092e-02
    -6  7.149482782620403896e+02  2.6616821578e-03  5.3368635469e-02
    -7  7.000898449368297634e+02  2.6615596366e-03  5.3379718949e-02
    -8  6.852310063990373692e+02  2.6611589725e-03  5.3392168008e-02
    -9  6.703718044808230161e+02  2.6605221225e-03  5.3405967564e-02
   -10  6.555123343852283142e+02  2.6597466953e-03  5.3418339880e-02
   -11  6.406526861248433988e+02  2.6589684193e-03  5.3424454360e-02
   -12  6.257929476817859040e+02  2.6584440965e-03  5.3424756237e-02
   -13  6.109332291012462974e+02  2.6582936467e-03  5.3423885998e-02
   -14  5.960735370891400180e+02  2.6584029417e-03  5.3427404916e-02
   -15  5.812138396673162788e+02  2.6587993407e-03  5.3426608529e-02
   -16  5.663542186824491864e+02  2.6594958089e-03  5.3418627985e-02
   -17  5.514948347165061477e+02  2.6603502187e-03  5.3406985367e-02
   -18  5.366358438522144070e+02  2.6611060262e-03  5.3393937026e-02
   -19  5.217773002096546406e+02  2.6615168668e-03  5.3379067836e-02
   -20  5.069191406407785507e+02  2.6615742862e-03  5.3364610510e-02
   -21  4.920612469753540381e+02  2.6615044835e-03  5.3355732815e-02
   -22  4.772034730393879158e+02  2.6614938660e-03  5.3354484569e-02
   -23  4.623456402581105067e+02  2.6615374560e-03  5.3358510619e-02
   -24  4.474875568721446939e+02  2.6615248126e-03  5.3365511448e-02
   -25  4.326291106434254061e+02  2.6613892542e-03  5.3376799175e-02
   -26  4.177702891262031812e+02  2.6610432398e-03  5.3391655907e-02
   -27  4.029111271996054597e+02  2.6604066211e-03  5.3406008244e-02
   -28  3.880516709434402856e+02  2.6595332128e-03  5.3415580713e-02
   -29  3.731920035789036092e+02  2.6587213176e-03  5.3421337527e-02
   -30  3.583322661757140395e+02  2.6582512294e-03  5.3424006845e-02
   -31  3.434725726209359777e+02  2.6581286868e-03  5.3424311777e-02
   -32  3.286128847157253858e+02  2.6581580790e-03  5.3425187139e-02
   -33  3.137531542228729791e+02  2.6585046651e-03  5.3423390062e-02
   -34  2.988935104422911877e+02  2.6592428000e-03  5.3417562803e-02
   -35  2.840341355369147891e+02  2.6601296769e-03  5.3407681396e-02
   -36  2.691751411730742234e+02  2.6608070877e-03  5.3392479019e-02
   -37  2.543165610202262883e+02  2.6611466296e-03  5.3375876054e-02
   -38  2.394583776479361177e+02  2.6612384825e-03  5.3363113650e-02
   -39  2.246004989830020691e+02  2.6612211409e-03  5.3356259060e-02
   -40  2.097427454489866818e+02  2.6611620407e-03  5.3353390284e-02
   -41  1.948848985205012809e+02  2.6611291966e-03  5.3355075011e-02
   -42  1.800268043611630446e+02  2.6611394680e-03  5.3363302105e-02
   -43  1.651683862112801364e+02  2.6610598468e-03  5.3376899280e-02
   -44  1.503096024372612476e+02  2.6606761915e-03  5.3390936773e-02
   -45  1.354504436902722944e+02  2.6599435319e-03  5.3402627938e-02
   -46  1.205909748621211293e+02  2.6590695579e-03  5.3412981953e-02
   -47  1.057313242385738334e+02  2.6583148862e-03  5.3421221730e-02
   -48  9.087161760919423159e+01  2.6578317733e-03  5.3423906554e-02
   -49  7.601191775769189007e+01  2.6576196345e-03  5.3421332738e-02
   -50  6.115220107318886278e+01  2.6576401894e-03  5.3422331933e-02
