     0  8.025003497831661434e+02  2.3093518852e-03  9.3409599740e-02
     1  8.060044576264382385e+02  2.3093660090e-03  9.3416417236e-02
     2  8.095085146157930467e+02  2.3091620807e-03  9.3420479160e-02
     3  8.130128297135879620e+02  2.3094631199e-03  9.3409716887e-02
     4  8.165172192253446610e+02  2.3100822835e-03  9.3379761083e-02
     5  8.200219878971776097e+02  2.3103686769e-03  9.3368685355e-02
     6  8.235273523577741344e+02  2.3120066616e-03  9.3325180922e-02
     7  8.270325213507481976e+02  2.3120253593e-03  9.3323441210e-02
     8  8.305383290090669561e+02  2.3119620767e-03  9.3325937888e-02
     9  8.340433009701874880e+02  2.3117693526e-03  9.3333144141e-02
    10  8.375482398364825940e+02  2.3104847333e-03  9.3368482293e-02
    11  8.410527447885455103e+02  2.3100570330e-03  9.3384205142e-02
    12  8.445569962273818874e+02  2.3097436113e-03  9.3402109267e-02
    13  8.480611238478371661e+02  2.3093432248e-03  9.3416475032e-02
    14  8.515652508028493912e+02  2.3096183311e-03  9.3410682319e-02
    15  8.550693752151041735e+02  2.3095928612e-03  9.3403793106e-02
    16  8.585739006682035779e+02  2.3100127996e-03  9.3388344054e-02
    17  8.620786732611973093e+02  2.3111533826e-03  9.3347859332e-02
    18  8.655836750895745126e+02  2.3114043657e-03  9.3338065706e-02
    19  8.690894258120630411e+02  2.3125828812e-03  9.3312313705e-02
    20  8.725946142262321246e+02  2.3125531437e-03  9.3313035745e-02
    21  8.761000723328601225e+02  2.3114657310e-03  9.3339560600e-02
    22  8.796048480891780628e+02  2.3111993560e-03  9.3349655572e-02
    23  8.831093593693902903e+02  2.3102567433e-03  9.3381529225e-02
    24  8.866137013290406230e+02  2.3097917547e-03  9.3398550438e-02
    25  8.901178002140238732e+02  2.3098507254e-03  9.3404071219e-02
    26  8.936218805215053180e+02  2.3095453855e-03  9.3412360472e-02
    27  8.971261134425749333e+02  2.3099397427e-03  9.3399098490e-02
    28  9.006304635749446561e+02  2.3102947990e-03  9.3377397995e-02
    29  9.041352063623800177e+02  2.3107433159e-03  9.3361035037e-02
    30  9.076404974538201031e+02  2.3122802839e-03  9.3319022708e-02
    31  9.111456439136335348e+02  2.3124687491e-03  9.3311635638e-02
    32  9.146514621133948140e+02  2.3124282525e-03  9.3315696747e-02
    33  9.181565154524986383e+02  2.3123858112e-03  9.3317934248e-02
    34  9.216614990446521460e+02  2.3110053015e-03  9.3355201495e-02
    35  9.251660608600648175e+02  2.3107007594e-03  9.3366729956e-02
    36  9.286702926026466685e+02  2.3101816261e-03  9.3390522391e-02
    37  9.321745099615341132e+02  2.3098040079e-03  9.3404472526e-02
    38  9.356785897757260955e+02  2.3100321801e-03  9.3400863971e-02
    39  9.391827210030012338e+02  2.3099757584e-03  9.3395629711e-02
    40  9.426871330512055920e+02  2.3103776820e-03  9.3380827545e-02
    41  9.461918928914813023e+02  2.3113468605e-03  9.3344056558e-02
    42  9.496968377366323466e+02  2.3117016286e-03  9.3330640989e-02
    43  9.532025668913489653e+02  2.3129509966e-03  9.3302906716e-02
    44  9.567077063177130185e+02  2.3130369388e-03  9.3299726045e-02
    45  9.602132506734408253e+02  2.3119373377e-03  9.3327940760e-02
    46  9.637180773940140170e+02  2.3118371950e-03  9.3332542888e-02
    47  9.672226631340423637e+02  2.3107115840e-03  9.3368652398e-02
    48  9.707270188503077861e+02  2.3103937194e-03  9.3380863642e-02
    49  9.742311212835913921e+02  2.3102065542e-03  9.3394928790e-02
    50  9.777352535878288791e+02  2.3100130487e-03  9.3400462932e-02
    51  9.812394370423891132e+02  2.3102999250e-03  9.3391178436e-02
    52  9.847437571100778086e+02  2.3106861533e-03  9.3368078926e-02
    53  9.882484051441972497e+02  2.3110112473e-03  9.3355741736e-02
    54  9.917536756701849754e+02  2.3125412800e-03  9.3311864496e-02
    55  9.952587632402257896e+02  2.3127256196e-03  9.3304257173e-02
    56  9.987646098721468206e+02  2.3129665288e-03  9.3301272925e-02
    57  1.002269622165855822e+03  2.3129067566e-03  9.3303878571e-02
    58  1.005774760315767594e+03  2.3114759135e-03  9.3341878539e-02
    59  1.009279336853153495e+03  2.3112520358e-03  9.3350493526e-02
    60  1.012783645011894009e+03  2.3105872609e-03  9.3377996285e-02
    61  1.016287823997588362e+03  2.3102783754e-03  9.3389918617e-02
    62  1.019791929078450153e+03  2.3103277264e-03  9.3393222151e-02
    63  1.023296052010622020e+03  2.3103645559e-03  9.3385774243e-02
    64  1.026800433481919981e+03  2.3106699938e-03  9.3374191065e-02
    65  1.030305086303543021e+03  2.3116497673e-03  9.3335430513e-02
    66  1.033809981563281781e+03  2.3118477011e-03  9.3327311866e-02
    67  1.037315672331662199e+03  2.3133471359e-03  9.3291253376e-02
    68  1.040820801100728886e+03  2.3133544485e-03  9.3290355487e-02
    69  1.044326432961899627e+03  2.3125587698e-03  9.3310031109e-02
    70  1.047831256518181362e+03  2.3123297089e-03  9.3318803388e-02
    71  1.051335989620235750e+03  2.3111769782e-03  9.3354119667e-02
    72  1.054840344311165609e+03  2.3108255521e-03  9.3367141596e-02
    73  1.058344491708831583e+03  2.3106277327e-03  9.3381531448e-02
    74  1.061848564963405124e+03  2.3103557780e-03  9.3390266309e-02
    75  1.065352787318299079e+03  2.3105912054e-03  9.3383294013e-02
    76  1.068857032006162854e+03  2.3109317458e-03  9.3361636194e-02
    77  1.072361662457429929e+03  2.3112373837e-03  9.3349788422e-02
    78  1.075866757534094631e+03  2.3127408267e-03  9.3304231222e-02
    79  1.079371861370377474e+03  2.3128161399e-03  9.3300271849e-02
    80  1.082877718233943142e+03  2.3134488951e-03  9.3286829572e-02
    81  1.086382776775154070e+03  2.3133178285e-03  9.3291549005e-02
    82  1.089887980099457991e+03  2.3120177635e-03  9.3324523098e-02
    83  1.093392598053780148e+03  2.3116382026e-03  9.3338409646e-02
    84  1.096896985261332929e+03  2.3110293348e-03  9.3363178011e-02
    85  1.100401177741323863e+03  2.3106146404e-03  9.3378570735e-02
    86  1.103905280436519661e+03  2.3107657353e-03  9.3379124851e-02
    87  1.107409351814618503e+03  2.3105939172e-03  9.3379715116e-02
    88  1.110913758626546951e+03  2.3109828640e-03  9.3365651116e-02
    89  1.114418292148882074e+03  2.3117762760e-03  9.3331199557e-02
    90  1.117923172041244925e+03  2.3120620543e-03  9.3320021213e-02
    91  1.121428731631827532e+03  2.3135949780e-03  9.3282381922e-02
    92  1.124933936696508681e+03  2.3136058284e-03  9.3281243487e-02
    93  1.128439613798111395e+03  2.3130034798e-03  9.3295908858e-02
    94  1.131944506035825043e+03  2.3127826353e-03  9.3304188054e-02
    95  1.135449235695627067e+03  2.3116002557e-03  9.3339036864e-02
    96  1.138953671961456848e+03  2.3111431794e-03  9.3355621041e-02
    97  1.142457830298476438e+03  2.3110014576e-03  9.3367871171e-02
    98  1.145961932762232209e+03  2.3106239846e-03  9.3380681829e-02
    99  1.149466093127457725e+03  2.3109664368e-03  9.3370959999e-02
   100  1.152970300436344360e+03  2.3110481326e-03  9.3358383434e-02
   101  1.156474915482348024e+03  2.3115108913e-03  9.3341481130e-02
   102  1.159979914129265808e+03  2.3128416672e-03  9.3299047136e-02
   103  1.163484995040050990e+03  2.3130801464e-03  9.3289650175e-02
   104  1.166990826895275404e+03  2.3137521980e-03  9.3276941382e-02
   105  1.170495969386857723e+03  2.3137482038e-03  9.3277415879e-02
   106  1.174001213689417000e+03  2.3124201499e-03  9.3310866852e-02
   107  1.177505894449752304e+03  2.3121461489e-03  9.3321120960e-02
   108  1.181010262452257848e+03  2.3113632927e-03  9.3350262925e-02
   109  1.184514552135969097e+03  2.3109443924e-03  9.3365895272e-02
   110  1.188018621449430384e+03  2.3110649261e-03  9.3367792854e-02
   111  1.191522713273513773e+03  2.3108506327e-03  9.3370746215e-02
   112  1.195027012977100412e+03  2.3112510735e-03  9.3356595618e-02
   113  1.198531532054508489e+03  2.3118390823e-03  9.3327693140e-02
   114  1.202036359379779697e+03  2.3122498014e-03  9.3312248116e-02
   115  1.205541877432698129e+03  2.3137583855e-03  9.3274401591e-02
   116  1.209047034128053610e+03  2.3139100496e-03  9.3268558484e-02
   117  1.212552764625305599e+03  2.3133261289e-03  9.3284777114e-02
   118  1.216057714649769423e+03  2.3132797713e-03  9.3287311627e-02
   119  1.219562513142077250e+03  2.3119492287e-03  9.3325455372e-02
   120  1.223066979559823949e+03  2.3116450459e-03  9.3336972482e-02
   121  1.226571142026250300e+03  2.3112493256e-03  9.3357309327e-02
   122  1.230075314788389505e+03  2.3109715354e-03  9.3367483505e-02
   123  1.233579427535622244e+03  2.3112093187e-03  9.3361832492e-02
   124  1.237083624416892690e+03  2.3113226455e-03  9.3348547342e-02
   125  1.240588136110147843e+03  2.3116818766e-03  9.3335030506e-02
   126  1.244093124976021500e+03  2.3129366823e-03  9.3292897188e-02
   127  1.247598138497120544e+03  2.3131985914e-03  9.3282360094e-02
   128  1.251103964728784831e+03  2.3140698571e-03  9.3264379594e-02
   129  1.254609053492915564e+03  2.3140875452e-03  9.3263947348e-02
   130  1.258114432205688900e+03  2.3127629449e-03  9.3297615932e-02
   131  1.261619137067169504e+03  2.3126001214e-03  9.3303976051e-02
   132  1.265123592646851876e+03  2.3116512716e-03  9.3336976471e-02
   133  1.268627859659849264e+03  2.3113346050e-03  9.3349326601e-02
   134  1.272131955325794024e+03  2.3112399364e-03  9.3359130210e-02
   135  1.275636062021845646e+03  2.3111454530e-03  9.3359119464e-02
   136  1.279140328303046772e+03  2.3114348869e-03  9.3348885561e-02
   137  1.282644774807512704e+03  2.3120580478e-03  9.3318051641e-02
   138  1.286149537429636439e+03  2.3123113684e-03  9.3307903512e-02
   139  1.289655009869134119e+03  2.3139386036e-03  9.3264529399e-02
   140  1.293160130348988332e+03  2.3140245627e-03  9.3260508896e-02
   141  1.296665916610943441e+03  2.3137956641e-03  9.3267440835e-02
   142  1.300170849313698909e+03  2.3136441230e-03  9.3273294375e-02
   143  1.303675811253591746e+03  2.3122955110e-03  9.3310518304e-02
   144  1.307180279707667296e+03  2.3119878745e-03  9.3321780113e-02
   145  1.310684506357786631e+03  2.3115319881e-03  9.3343517068e-02
   146  1.314188625717342347e+03  2.3112225084e-03  9.3355058156e-02
   147  1.317692780101223207e+03  2.3113645148e-03  9.3353378721e-02
   148  1.321196929181522364e+03  2.3114914720e-03  9.3340182888e-02
   149  1.324701423103403386e+03  2.3118038488e-03  9.3328168914e-02
   150  1.328206254104583650e+03  2.3130151416e-03  9.3285164647e-02
   151  1.331711258459805549e+03  2.3131472738e-03  9.3279027149e-02
   152  1.335217052348425341e+03  2.3143665655e-03  9.3250815873e-02
   153  1.338722168163330252e+03  2.3143025687e-03  9.3252833027e-02
   154  1.342227625136642246e+03  2.3132093332e-03  9.3279342808e-02
   155  1.345732359772509881e+03  2.3128907859e-03  9.3290938841e-02
   156  1.349236924576316142e+03  2.3119767780e-03  9.3321452896e-02
   157  1.352741201124811823e+03  2.3115703432e-03  9.3336563724e-02
   158  1.356245314181638832e+03  2.3115466962e-03  9.3344318408e-02
   159  1.359749372673142034e+03  2.3112825534e-03  9.3350877851e-02
   160  1.363253674990764466e+03  2.3116183191e-03  9.3339572493e-02
   161  1.366758019557980788e+03  2.3120929191e-03  9.3312867764e-02
   162  1.370262765279806899e+03  2.3124040628e-03  9.3300679960e-02
   163  1.373768069494650717e+03  2.3139868080e-03  9.3256682460e-02
   164  1.377273244979888204e+03  2.3140408851e-03  9.3253634237e-02
   165  1.380779057855776500e+03  2.3141078091e-03  9.3253013841e-02
   166  1.384284054930681123e+03  2.3139393049e-03  9.3259222763e-02
   167  1.387789036571923816e+03  2.3126199294e-03  9.3294327846e-02
   168  1.391293577196687011e+03  2.3121898962e-03  9.3309744146e-02
   169  1.394797837034255281e+03  2.3117951741e-03  9.3328747312e-02
   170  1.398301986892768355e+03  2.3113784679e-03  9.3344069255e-02
   171  1.401806100977491951e+03  2.3116319385e-03  9.3339477901e-02
   172  1.405310217470596399e+03  2.3115173560e-03  9.3335461776e-02
   173  1.408814709979665849e+03  2.3119735866e-03  9.3318941322e-02
   174  1.412319432707019359e+03  2.3129722195e-03  9.3280538173e-02
   175  1.415824412087790961e+03  2.3132529699e-03  9.3269436724e-02
   176  1.419330135431786857e+03  2.3144909862e-03  9.3241451092e-02
   177  1.422835334475283389e+03  2.3145241227e-03  9.3240175176e-02
   178  1.426340831225710872e+03  2.3134858597e-03  9.3265387822e-02
   179  1.429845632098625401e+03  2.3132508508e-03  9.3274075365e-02
   180  1.433350180704021341e+03  2.3122061619e-03  9.3307377384e-02
   181  1.436854556548194296e+03  2.3117687997e-03  9.3323505998e-02
   182  1.440358652115316090e+03  2.3117328425e-03  9.3331498459e-02
   183  1.443862743127374870e+03  2.3114134704e-03  9.3340771892e-02
   184  1.447366951220273677e+03  2.3117879611e-03  9.3328769719e-02
   185  1.450871281293033007e+03  2.3120404493e-03  9.3309184938e-02
   186  1.454375981556779607e+03  2.3124916116e-03  9.3292312469e-02
   187  1.457881224578435649e+03  2.3139633111e-03  9.3249877463e-02
   188  1.461386354072665426e+03  2.3141745931e-03  9.3241603584e-02
   189  1.464892188009204119e+03  2.3142671464e-03  9.3242492930e-02
   190  1.468397247761715562e+03  2.3142720888e-03  9.3242994510e-02
   191  1.471902287737640108e+03  2.3128575741e-03  9.3280292875e-02
   192  1.475406870758020432e+03  2.3125787003e-03  9.3290669195e-02
   193  1.478911133294094498e+03  2.3119383861e-03  9.3316803416e-02
   194  1.482415368846335696e+03  2.3116014831e-03  9.3329817111e-02
   195  1.485919441420502835e+03  2.3117562410e-03  9.3329015860e-02
   196  1.489423564250962727e+03  2.3116671622e-03  9.3325021375e-02
   197  1.492927948555826106e+03  2.3120435220e-03  9.3311218669e-02
   198  1.496432669374800298e+03  2.3129222428e-03  9.3274979395e-02
   199  1.499937579140641446e+03  2.3132537963e-03  9.3261839964e-02
   200  1.503443274859230996e+03  2.3145802725e-03  9.3230808776e-02
   201  1.506948410365539303e+03  2.3146729758e-03  9.3227403349e-02
   202  1.510454009176366299e+03  2.3136839294e-03  9.3252600560e-02
   203  1.513958841860447137e+03  2.3135867622e-03  9.3256561566e-02
   204  1.517463482219485286e+03  2.3123824915e-03  9.3293363309e-02
   205  1.520967852656630384e+03  2.3120736678e-03  9.3305258186e-02
   206  1.524471976916885069e+03  2.3117920150e-03  9.3321652785e-02
   207  1.527976104352690299e+03  2.3116047896e-03  9.3327438924e-02
   208  1.531480277455093528e+03  2.3118565900e-03  9.3319994285e-02
   209  1.534984564447702496e+03  2.3121670118e-03  9.3298511262e-02
   210  1.538489188122813857e+03  2.3124651122e-03  9.3286771578e-02
   211  1.541994397534342397e+03  2.3139591382e-03  9.3241345764e-02
   212  1.545499470347261422e+03  2.3141227006e-03  9.3234262652e-02
   213  1.549005319476800196e+03  2.3145451279e-03  9.3226496124e-02
   214  1.552510344820216233e+03  2.3144747004e-03  9.3229283806e-02
   215  1.556015549037276742e+03  2.3130826900e-03  9.3265170425e-02
   216  1.559520139058867926e+03  2.3128321027e-03  9.3274205702e-02
   217  1.563024484557022561e+03  2.3120897553e-03  9.3302506866e-02
   218  1.566528674285725856e+03  2.3117649823e-03  9.3315224174e-02
    -1  7.989960961935689738e+02  2.3097308541e-03  9.3395494246e-02
    -2  7.954915649865058640e+02  2.3105981942e-03  9.3364650842e-02
    -3  7.919868594519982707e+02  2.3108982840e-03  9.3353203992e-02
    -4  7.884814476794946358e+02  2.3120682965e-03  9.3324169756e-02
    -5  7.849763488997273271e+02  2.3121378849e-03  9.3321991778e-02
    -6  7.814705171827386039e+02  2.3110466404e-03  9.3346133801e-02
    -7  7.779655047503447349e+02  2.3109114899e-03  9.3351941891e-02
    -8  7.744606075335493642e+02  2.3095828677e-03  9.3396044918e-02
    -9  7.709560952914545169e+02  2.3092782366e-03  9.3407837047e-02
   -10  7.674519130598313268e+02  2.3090582615e-03  9.3423746868e-02
   -11  7.639477631249488923e+02  2.3089045321e-03  9.3426305091e-02
   -12  7.604436512854081229e+02  2.3091864945e-03  9.3416110031e-02
   -13  7.569394510981761641e+02  2.3095759103e-03  9.3395291973e-02
   -14  7.534349983769302526e+02  2.3098524943e-03  9.3384702122e-02
   -15  7.499300977123104985e+02  2.3111955058e-03  9.3346113183e-02
   -16  7.464251838136376591e+02  2.3113324808e-03  9.3340500976e-02
   -17  7.429194224759829694e+02  2.3117385745e-03  9.3329054925e-02
   -18  7.394142979359885430e+02  2.3116366375e-03  9.3333519474e-02
   -19  7.359087652432732511e+02  2.3100369608e-03  9.3374061860e-02
   -20  7.324039807301932115e+02  2.3097601569e-03  9.3384597141e-02
   -21  7.288994877003764259e+02  2.3090367830e-03  9.3416984851e-02
   -22  7.253952075186930415e+02  2.3087264672e-03  9.3428414202e-02
   -23  7.218910860413503769e+02  2.3088026401e-03  9.3429443106e-02
   -24  7.183870052562410820e+02  2.3088254738e-03  9.3421780678e-02
   -25  7.148827502347862719e+02  2.3091428178e-03  9.3409529338e-02
   -26  7.113783414457802792e+02  2.3100033129e-03  9.3377570439e-02
   -27  7.078736445680049201e+02  2.3101572552e-03  9.3370938643e-02
   -28  7.043683313306559057e+02  2.3115397524e-03  9.3334966133e-02
   -29  7.008632469620979464e+02  2.3115238459e-03  9.3335324235e-02
   -30  6.973574067529305012e+02  2.3108024693e-03  9.3349003096e-02
   -31  6.938523654932014324e+02  2.3105162264e-03  9.3359916449e-02
   -32  6.903473279320727443e+02  2.3091912339e-03  9.3401568595e-02
   -33  6.868427881408852045e+02  2.3088076295e-03  9.3415858579e-02
   -34  6.833385713923448748e+02  2.3086395932e-03  9.3430530656e-02
   -35  6.798344473128545360e+02  2.3083451678e-03  9.3438645533e-02
   -36  6.763302840147113102e+02  2.3086553790e-03  9.3427972402e-02
   -37  6.728261454599312401e+02  2.3089389774e-03  9.3410198600e-02
   -38  6.693216980600280976e+02  2.3092635980e-03  9.3397777952e-02
   -39  6.658169560960992612e+02  2.3105207589e-03  9.3360347538e-02
   -40  6.623120134512583945e+02  2.3106029892e-03  9.3356348320e-02
   -41  6.588063205422774899e+02  2.3113090188e-03  9.3337135832e-02
   -42  6.553011533335043168e+02  2.3111770133e-03  9.3342255351e-02
   -43  6.517955939576379478e+02  2.3096776440e-03  9.3378247345e-02
   -44  6.482907255259799513e+02  2.3092619472e-03  9.3393353010e-02
   -45  6.447861770802550154e+02  2.3085634644e-03  9.3423784318e-02
   -46  6.412818488826462726e+02  2.3081459594e-03  9.3438917476e-02
   -47  6.377777588586122874e+02  2.3083351159e-03  9.3437223070e-02
   -48  6.342736805224329828e+02  2.3081310922e-03  9.3437992682e-02
   -49  6.307694202447320322e+02  2.3085818158e-03  9.3421507684e-02
   -50  6.272650842549001027e+02  2.3092492675e-03  9.3394386067e-02
   -51  6.237604285392152406e+02  2.3095529955e-03  9.3382774498e-02
   -52  6.202552320224752975e+02  2.3108726356e-03  9.3348906644e-02
   -53  6.167501020156989853e+02  2.3109400356e-03  9.3346398409e-02
   -54  6.132442649105214514e+02  2.3103809291e-03  9.3356300177e-02
   -55  6.097391654067594118e+02  2.3101725269e-03  9.3364412298e-02
   -56  6.062341155256729053e+02  2.3087292047e-03  9.3407805663e-02
   -57  6.027294627446297000e+02  2.3082979482e-03  9.3423590275e-02
   -58  5.992252390273027913e+02  2.3081090419e-03  9.3438936352e-02
   -59  5.957210582868331130e+02  2.3077529807e-03  9.3449708529e-02
   -60  5.922169728934666182e+02  2.3081111326e-03  9.3438107901e-02
   -61  5.887128142545030869e+02  2.3081716064e-03  9.3427489010e-02
   -62  5.852084139814420496e+02  2.3086317232e-03  9.3410514696e-02
   -63  5.817037231437928995e+02  2.3097386657e-03  9.3376320540e-02
   -64  5.781988578879203260e+02  2.3099861505e-03  9.3366896486e-02
   -65  5.746932046588332241e+02  2.3106795972e-03  9.3349958211e-02
   -66  5.711880124329524051e+02  2.3107147578e-03  9.3349518778e-02
   -67  5.676824069921049158e+02  2.3091985113e-03  9.3385541617e-02
   -68  5.641775053769426904e+02  2.3089415374e-03  9.3395426368e-02
   -69  5.606729201289654156e+02  2.3079930410e-03  9.3432680978e-02
   -70  5.571684929975677960e+02  2.3076477094e-03  9.3445731012e-02
   -71  5.536644162253093100e+02  2.3077409704e-03  9.3448056937e-02
   -72  5.501603096441280059e+02  2.3075665057e-03  9.3448445786e-02
   -73  5.466561395425502496e+02  2.3079535382e-03  9.3434235352e-02
   -74  5.431517736437941721e+02  2.3085059810e-03  9.3409685828e-02
   -75  5.396471874332637526e+02  2.3088678636e-03  9.3395906939e-02
   -76  5.361420308424376344e+02  2.3101789784e-03  9.3361561487e-02
   -77  5.326369955349192651e+02  2.3103212188e-03  9.3356451697e-02
   -78  5.291311246350064721e+02  2.3098471580e-03  9.3365773843e-02
   -79  5.256260206815118181e+02  2.3097788107e-03  9.3369116238e-02
   -80  5.221208576322578665e+02  2.3081898233e-03  9.3414809575e-02
   -81  5.186162068937925369e+02  2.3078996194e-03  9.3426027687e-02
   -82  5.151119190184325589e+02  2.3074354734e-03  9.3450676724e-02
   -83  5.116076939661103324e+02  2.3072094396e-03  9.3457888669e-02
   -84  5.081036235610808376e+02  2.3074396339e-03  9.3451130010e-02
   -85  5.045994919029473067e+02  2.3075876239e-03  9.3437689045e-02
   -86  5.010951544604420747e+02  2.3079049637e-03  9.3425575316e-02
   -87  4.975904726788567700e+02  2.3090245815e-03  9.3389511232e-02
   -88  4.940856721232884752e+02  2.3092356620e-03  9.3381023195e-02
   -89  4.905800815376283026e+02  2.3101617667e-03  9.3357664340e-02
   -90  4.870749594171631998e+02  2.3101438905e-03  9.3358886230e-02
   -91  4.835692193900063671e+02  2.3087485197e-03  9.3390966703e-02
   -92  4.800643071256439498e+02  2.3085314846e-03  9.3399267248e-02
   -93  4.765595957069680253e+02  2.3074388661e-03  9.3439240506e-02
   -94  4.730551978004590978e+02  2.3071242714e-03  9.3451425043e-02
   -95  4.695510495971320779e+02  2.3070386448e-03  9.3460581721e-02
   -96  4.660469531829506877e+02  2.3069413234e-03  9.3459038119e-02
   -97  4.625427831770957141e+02  2.3072409185e-03  9.3447725218e-02
   -98  4.590385122433625043e+02  2.3078225753e-03  9.3421438570e-02
   -99  4.555339455972385849e+02  2.3080272035e-03  9.3412913858e-02
  -100  4.520288761010229450e+02  2.3094643272e-03  9.3373371457e-02
  -101  4.485238753298472716e+02  2.3095206327e-03  9.3370829488e-02
  -102  4.450180380328241654e+02  2.3094639503e-03  9.3369121678e-02
  -103  4.415129322921936250e+02  2.3092557694e-03  9.3377170695e-02
  -104  4.380076078213863298e+02  2.3077044665e-03  9.3419293484e-02
  -105  4.345029326168886428e+02  2.3073558557e-03  9.3432235407e-02
  -106  4.309985798787973295e+02  2.3068905733e-03  9.3456718047e-02
  -107  4.274943817592000528e+02  2.3065619735e-03  9.3467947770e-02
  -108  4.239902487254608445e+02  2.3067730946e-03  9.3462502688e-02
  -109  4.204861631060219338e+02  2.3068644353e-03  9.3451031387e-02
  -110  4.169818232694141216e+02  2.3071963038e-03  9.3438241275e-02
  -111  4.134772898630868099e+02  2.3082269073e-03  9.3403367381e-02
  -112  4.099724709535336160e+02  2.3083496759e-03  9.3397636766e-02
  -113  4.064669814415478868e+02  2.3095278063e-03  9.3366986474e-02
  -114  4.029618387762565703e+02  2.3094573301e-03  9.3369629654e-02
  -115  3.994560820561535479e+02  2.3083005112e-03  9.3394190937e-02
  -116  3.959511000425844145e+02  2.3079340095e-03  9.3407458044e-02
  -117  3.924463018911301901e+02  2.3068609863e-03  9.3444916740e-02
  -118  3.889418594492231591e+02  2.3064430163e-03  9.3460481122e-02
  -119  3.854377198137453320e+02  2.3064578142e-03  9.3467123303e-02
  -120  3.819336261806864741e+02  2.3061591767e-03  9.3473353406e-02
  -121  3.784294316854729914e+02  2.3065698300e-03  9.3458732051e-02
  -122  3.749252255419998505e+02  2.3069734223e-03  9.3437386281e-02
  -123  3.714206875981755616e+02  2.3073047245e-03  9.3424619374e-02
  -124  3.679157562522507874e+02  2.3086261411e-03  9.3387781003e-02
  -125  3.644107162167094884e+02  2.3087284145e-03  9.3383575509e-02
  -126  3.609049155550981709e+02  2.3088967267e-03  9.3376607809e-02
  -127  3.573997555120224661e+02  2.3087373101e-03  9.3382793766e-02
  -128  3.538944168413649436e+02  2.3071454457e-03  9.3424438552e-02
  -129  3.503896340461582213e+02  2.3067210953e-03  9.3439764210e-02
  -130  3.468852591112835171e+02  2.3062437328e-03  9.3463861092e-02
  -131  3.433809999900337857e+02  2.3058406185e-03  9.3477933330e-02
  -132  3.398769296284316397e+02  2.3061200598e-03  9.3471128308e-02
  -133  3.363728227817495622e+02  2.3059846756e-03  9.3467645631e-02
  -134  3.328685155048342494e+02  2.3064582972e-03  9.3450191692e-02
  -135  3.293640379061024532e+02  2.3073016747e-03  9.3419718133e-02
  -136  3.258592900399112864e+02  2.3075956848e-03  9.3408392361e-02
  -137  3.223538684044144702e+02  2.3087141290e-03  9.3380608784e-02
  -138  3.188486972766796725e+02  2.3087985063e-03  9.3378092738e-02
  -139  3.153429210044946558e+02  2.3077051571e-03  9.3401398547e-02
  -140  3.118379004595079778e+02  2.3074857663e-03  9.3409788780e-02
  -141  3.083330723736888785e+02  2.3062000966e-03  9.3452268285e-02
  -142  3.048285199478766572e+02  2.3058278130e-03  9.3466397272e-02
  -143  3.013243818788153021e+02  2.3057537530e-03  9.3476375670e-02
  -144  2.978202423661108469e+02  2.3054668430e-03  9.3483000942e-02
  -145  2.943161344348779949e+02  2.3058381867e-03  9.3470069678e-02
  -146  2.908118925812295856e+02  2.3060932541e-03  9.3452883445e-02
  -147  2.873074210200198308e+02  2.3065049971e-03  9.3437225563e-02
  -148  2.838025253325257609e+02  2.3077478296e-03  9.3401550638e-02
  -149  2.802975802855201550e+02  2.3079563651e-03  9.3393737637e-02
  -150  2.767917807218244661e+02  2.3081620598e-03  9.3387712894e-02
  -151  2.732866201501862520e+02  2.3081611437e-03  9.3388543393e-02
  -152  2.697811948068053312e+02  2.3064980460e-03  9.3431043463e-02
  -153  2.662764055460751251e+02  2.3062334407e-03  9.3441171781e-02
  -154  2.627719637594843789e+02  2.3054665592e-03  9.3474067141e-02
  -155  2.592676393051992818e+02  2.3051919645e-03  9.3484419600e-02
  -156  2.557635791118955808e+02  2.3053363314e-03  9.3482935046e-02
  -157  2.522594771786228307e+02  2.3052900546e-03  9.3477025896e-02
  -158  2.487552417724197653e+02  2.3056326647e-03  9.3464075865e-02
  -159  2.452507494803429609e+02  2.3064556312e-03  9.3432964403e-02
  -160  2.417460702033787072e+02  2.3067349137e-03  9.3421831690e-02
  -161  2.382407077349335509e+02  2.3079683615e-03  9.3390226502e-02
  -162  2.347356250263179334e+02  2.3080330676e-03  9.3388218070e-02
  -163  2.312297633415729194e+02  2.3071072741e-03  9.3407704653e-02
  -164  2.277247410892913990e+02  2.3069586054e-03  9.3413478400e-02
  -165  2.242197770617514436e+02  2.3055276155e-03  9.3458112165e-02
  -166  2.207152465855749881e+02  2.3052236896e-03  9.3470005353e-02
  -167  2.172110278477232725e+02  2.3049205129e-03  9.3488141820e-02
  -168  2.137068807783689124e+02  2.3047413758e-03  9.3491899056e-02
  -169  2.102027739518709666e+02  2.3050017751e-03  9.3482934455e-02
  -170  2.066986005756486975e+02  2.3053231585e-03  9.3463360945e-02
  -171  2.031941592449130098e+02  2.3055718291e-03  9.3453210849e-02
  -172  1.996893233643650660e+02  2.3068837593e-03  9.3413751158e-02
  -173  1.961844263880504684e+02  2.3070119900e-03  9.3408324317e-02
  -174  1.926786961276555132e+02  2.3075872721e-03  9.3392477630e-02
  -175  1.891735644096707460e+02  2.3074634648e-03  9.3397407519e-02
  -176  1.856679802794209309e+02  2.3059174704e-03  9.3434801580e-02
  -177  1.821631711761745578e+02  2.3056181248e-03  9.3445800093e-02
  -178  1.786586321000445423e+02  2.3047955323e-03  9.3479379024e-02
  -179  1.751543347734416614e+02  2.3044563438e-03  9.3492187009e-02
  -180  1.716502011499971729e+02  2.3045277261e-03  9.3493934322e-02
  -181  1.681461305189022823e+02  2.3044745098e-03  9.3488695953e-02
  -182  1.646418876777719333e+02  2.3047980106e-03  9.3476286286e-02
  -183  1.611375239216274053e+02  2.3055594029e-03  9.3445891138e-02
  -184  1.576328349915526701e+02  2.3057220743e-03  9.3438510798e-02
  -185  1.541275871722103545e+02  2.3071268296e-03  9.3400857458e-02
  -186  1.506225069461846715e+02  2.3071213633e-03  9.3400873248e-02
  -187  1.471166593256853048e+02  2.3065574974e-03  9.3410444219e-02
  -188  1.436115875493102578e+02  2.3062541483e-03  9.3421394578e-02
  -189  1.401065047088809479e+02  2.3048558625e-03  9.3462619103e-02
  -190  1.366019342460786845e+02  2.3044561644e-03  9.3477525046e-02
  -191  1.330976977778576327e+02  2.3042257548e-03  9.3493604540e-02
  -192  1.295935562616266736e+02  2.3038735834e-03  9.3504058311e-02
  -193  1.260894073677702778e+02  2.3042133978e-03  9.3493055503e-02
  -194  1.225852874321864903e+02  2.3043907445e-03  9.3477974436e-02
  -195  1.190808614588996477e+02  2.3047378829e-03  9.3464509127e-02
  -196  1.155761718471481885e+02  2.3059010777e-03  9.3428231327e-02
  -197  1.120712423892095018e+02  2.3060356803e-03  9.3422430314e-02
  -198  1.085655875898915923e+02  2.3068437670e-03  9.3400653113e-02
  -199  1.050604126349300316e+02  2.3067384758e-03  9.3404708837e-02
  -200  1.015548152184516084e+02  2.3052630427e-03  9.3438953670e-02
  -201  9.804990702697332949e+01  2.3048627088e-03  9.3453187591e-02
  -202  9.454532590851250973e+01  2.3040363367e-03  9.3485379414e-02
  -203  9.104096760781450826e+01  2.3036123749e-03  9.3501098495e-02
  -204  8.753687869758326201e+01  2.3037643551e-03  9.3501069888e-02
  -205  8.403278578526281706e+01  2.3034912381e-03  9.3504102339e-02
  -206  8.052855682436771190e+01  2.3039556614e-03  9.3487221371e-02
  -207  7.702424842981153574e+01  2.3045149062e-03  9.3462100732e-02
  -208  7.351962049750194694e+01  2.3048458392e-03  9.3449239666e-02
  -209  7.001446783206172597e+01  2.3061349736e-03  9.3415126068e-02
  -210  6.650935754006621892e+01  2.3062627505e-03  9.3410679992e-02
  -211  6.300351762847506620e+01  2.3058290735e-03  9.3417761769e-02
  -212  5.949840364482896149e+01  2.3056537270e-03  9.3424427523e-02
  -213  5.599329910468460270e+01  2.3041026969e-03  9.3468706945e-02
  -214  5.248861426132636154e+01  2.3037188182e-03  9.3483031027e-02
