     0  8.020028234932475470e+02  2.9099757256e-04  6.6785246972e-02
     1  8.096445519795822747e+02  2.9104839512e-04  6.6776854069e-02
     2  8.172864646125947274e+02  2.9121266822e-04  6.6747852000e-02
     3  8.249275352937291927e+02  2.9106445105e-04  6.6740750982e-02
     4  8.325684927652201850e+02  2.9143314316e-04  6.6714808300e-02
     5  8.402096807277320067e+02  2.9163969892e-04  6.6703262471e-02
     6  8.478510259869321999e+02  2.9206388743e-04  6.6687101382e-02
     7  8.554923847302534341e+02  2.9207082797e-04  6.6677550144e-02
     8  8.631333012840058245e+02  2.9229235374e-04  6.6674153625e-02
     9  8.707738628236784280e+02  2.9203611687e-04  6.6667236357e-02
    10  8.784144916270529393e+02  2.9236986491e-04  6.6668937983e-02
    11  8.860555550527543573e+02  2.9227301713e-04  6.6665299602e-02
    12  8.936967955998978823e+02  2.9232770397e-04  6.6673403127e-02
    13  9.013379188178313370e+02  2.9199557857e-04  6.6680364856e-02
    14  9.089787441214000410e+02  2.9178986702e-04  6.6692780928e-02
    15  9.166193881298634096e+02  2.9137900339e-04  6.6707882986e-02
    16  9.242605055281155728e+02  2.9150546938e-04  6.6716364709e-02
    17  9.319020819194189471e+02  2.9120384298e-04  6.6740337856e-02
    18  9.395436533194772437e+02  2.9114981230e-04  6.6749811361e-02
    19  9.471853487894632053e+02  2.9090725404e-04  6.6780480452e-02
    20  9.548263493242087634e+02  2.9065481727e-04  6.6789878590e-02
    21  9.624681126013597350e+02  2.9083208348e-04  6.6817297178e-02
    22  9.701097271608399524e+02  2.9089800168e-04  6.6822875556e-02
    23  9.777524421256122196e+02  2.9108179570e-04  6.6847678790e-02
    24  9.853942146715546642e+02  2.9105099408e-04  6.6853090868e-02
    25  9.930367539882340679e+02  2.9107794417e-04  6.6872673691e-02
    26  1.000677934106771545e+03  2.9100859183e-04  6.6874372015e-02
    27  1.008320755112062329e+03  2.9128128392e-04  6.6879248751e-02
    28  1.015962619277885324e+03  2.9132871885e-04  6.6878855732e-02
    29  1.023605856108044577e+03  2.9125831320e-04  6.6873456392e-02
    30  1.031247535566877787e+03  2.9121921088e-04  6.6872671754e-02
    31  1.038889989942363854e+03  2.9082497166e-04  6.6857482909e-02
    32  1.046531248647033408e+03  2.9097376728e-04  6.6851275449e-02
    33  1.054173887349549432e+03  2.9092482630e-04  6.6824647210e-02
    34  1.061815695475940402e+03  2.9097448233e-04  6.6817738411e-02
    35  1.069458093355986875e+03  2.9095501476e-04  6.6788241373e-02
    36  1.077099387564754807e+03  2.9085572911e-04  6.6782313145e-02
    37  1.084740707994219974e+03  2.9096011293e-04  6.6752129961e-02
    38  1.092381905129216420e+03  2.9119790890e-04  6.6740938484e-02
    39  1.100023503474765903e+03  2.9162399795e-04  6.6715593385e-02
    40  1.107665008950806396e+03  2.9166382228e-04  6.6705480122e-02
    41  1.115306192212822225e+03  2.9203716256e-04  6.6690903665e-02
    42  1.122946943752018115e+03  2.9182953553e-04  6.6682930433e-02
    43  1.130587509759432123e+03  2.9224505398e-04  6.6676003449e-02
    44  1.138228555904614723e+03  2.9231591802e-04  6.6666715983e-02
    45  1.145869726807501138e+03  2.9250489264e-04  6.6669963900e-02
    46  1.153510885346935993e+03  2.9232445034e-04  6.6667567490e-02
    47  1.161151728295816611e+03  2.9224952403e-04  6.6678168065e-02
    48  1.168792217200315918e+03  2.9181072792e-04  6.6684197380e-02
    49  1.176433097660922840e+03  2.9197940266e-04  6.6692293445e-02
    50  1.184074369340158455e+03  2.9166825595e-04  6.6707807229e-02
    51  1.191715830176013924e+03  2.9162004758e-04  6.6717648680e-02
    52  1.199357276806511436e+03  2.9127386256e-04  6.6743181234e-02
    53  1.206998247602718266e+03  2.9100664982e-04  6.6754592789e-02
    54  1.214639528677552107e+03  2.9091512038e-04  6.6782028155e-02
    55  1.222280957336441361e+03  2.9101299883e-04  6.6788820212e-02
    56  1.229923273502856546e+03  2.9108101436e-04  6.6817851749e-02
    57  1.237565021875059301e+03  2.9104508884e-04  6.6824747414e-02
    58  1.245207370223251928e+03  2.9112442356e-04  6.6852173690e-02
    59  1.252848500963810238e+03  2.9094892888e-04  6.6857113576e-02
    60  1.260491019688469351e+03  2.9133075212e-04  6.6872655257e-02
    61  1.268132808521537982e+03  2.9140388074e-04  6.6874424391e-02
    62  1.275776015622222531e+03  2.9150157736e-04  6.6880766673e-02
    63  1.283417794344901267e+03  2.9149404278e-04  6.6882048455e-02
    64  1.291060467851800468e+03  2.9122919484e-04  6.6878859733e-02
    65  1.298701689526465543e+03  2.9127657151e-04  6.6875437146e-02
    66  1.306344507709595973e+03  2.9126011161e-04  6.6857321767e-02
    67  1.313986355326377861e+03  2.9132236040e-04  6.6852547614e-02
    68  1.321629177647117558e+03  2.9116189297e-04  6.6827373515e-02
    69  1.329270674103450119e+03  2.9111883436e-04  6.6822811283e-02
    70  1.336912439170875132e+03  2.9093683034e-04  6.6793439391e-02
    71  1.344553631423140132e+03  2.9115433792e-04  6.6783451779e-02
    72  1.352195557482639742e+03  2.9146355434e-04  6.6752629168e-02
    73  1.359837188277663245e+03  2.9151604612e-04  6.6742912904e-02
    74  1.367478749986582670e+03  2.9189557102e-04  6.6718980586e-02
    75  1.375119734524284013e+03  2.9174993334e-04  6.6711164280e-02
    76  1.382760404264781528e+03  2.9216438655e-04  6.6694264819e-02
    77  1.390401460201786676e+03  2.9234453191e-04  6.6682671885e-02
    78  1.398042642723454037e+03  2.9271336541e-04  6.6677040718e-02
    79  1.405683905590334462e+03  2.9264994119e-04  6.6669016249e-02
    80  1.413324809706285123e+03  2.9276534766e-04  6.6674298397e-02
    81  1.420965319917741908e+03  2.9239217126e-04  6.6672457567e-02
    82  1.428605982718133873e+03  2.9260243017e-04  6.6678898431e-02
    83  1.436247051124582185e+03  2.9240613903e-04  6.6683823485e-02
    84  1.443888386754015301e+03  2.9239535366e-04  6.6693426364e-02
    85  1.451529653744816414e+03  2.9203031996e-04  6.6710227676e-02
    86  1.459170614723755307e+03  2.9181140989e-04  6.6722622885e-02
    87  1.466811494078549686e+03  2.9146110080e-04  6.6746078301e-02
    88  1.474452704126758817e+03  2.9158324137e-04  6.6753675083e-02
    89  1.482094596670045576e+03  2.9149151018e-04  6.6782416923e-02
    90  1.489736276018197714e+03  2.9143970307e-04  6.6790443213e-02
    91  1.497378357507725013e+03  2.9145108425e-04  6.6821564085e-02
    92  1.505019460914774754e+03  2.9120926674e-04  6.6829447562e-02
    93  1.512661561643765026e+03  2.9153785388e-04  6.6853089975e-02
    94  1.520303226912131777e+03  2.9163848813e-04  6.6856664378e-02
    95  1.527946230313141086e+03  2.9186124699e-04  6.6873755971e-02
    96  1.535588057111341413e+03  2.9186107725e-04  6.6877016878e-02
    97  1.543230801157761334e+03  2.9181434849e-04  6.6886062776e-02
    98  1.550871994816715187e+03  2.9174688685e-04  6.6885835958e-02
    99  1.558514829454719575e+03  2.9186914035e-04  6.6878886867e-02
   100  1.566156673399929787e+03  2.9195499799e-04  6.6876368558e-02
    -1  7.943604874792932833e+02  2.9095145109e-04  6.6816270627e-02
    -2  7.867191937177475438e+02  2.9073748538e-04  6.6824655097e-02
    -3  7.790770759578929301e+02  2.9108323118e-04  6.6849621223e-02
    -4  7.714355425382358362e+02  2.9116860861e-04  6.6852255635e-02
    -5  7.637924645055848032e+02  2.9136112747e-04  6.6868640176e-02
    -6  7.561505732513585372e+02  2.9133086758e-04  6.6871448648e-02
    -7  7.485076126191444246e+02  2.9125493413e-04  6.6878324239e-02
    -8  7.408663669212282912e+02  2.9120850304e-04  6.6879783774e-02
    -9  7.332237493115447933e+02  2.9133177032e-04  6.6871266317e-02
   -10  7.255820018298663854e+02  2.9138030741e-04  6.6867817825e-02
   -11  7.179389730102503790e+02  2.9118706257e-04  6.6850835999e-02
   -12  7.102972132740725328e+02  2.9115277598e-04  6.6846946581e-02
   -13  7.026549632671697054e+02  2.9080371191e-04  6.6823637623e-02
   -14  6.950139049259919375e+02  2.9098192467e-04  6.6816994428e-02
   -15  6.873719343015657159e+02  2.9109551566e-04  6.6785596450e-02
   -16  6.797302816503076883e+02  2.9114707776e-04  6.6776906230e-02
   -17  6.720883259782706318e+02  2.9131913931e-04  6.6748375910e-02
   -18  6.644469824286002222e+02  2.9123830918e-04  6.6740179299e-02
   -19  6.568060139285358900e+02  2.9150433890e-04  6.6717554173e-02
   -20  6.491651763313403762e+02  2.9176923993e-04  6.6705398784e-02
   -21  6.415239893414637891e+02  2.9221675900e-04  6.6687990594e-02
   -22  6.338826439579976295e+02  2.9223119533e-04  6.6677985784e-02
   -23  6.262414933493331546e+02  2.9251155008e-04  6.6672328391e-02
   -24  6.186006911574804690e+02  2.9227567906e-04  6.6665708408e-02
   -25  6.109602252791876253e+02  2.9257745866e-04  6.6668540261e-02
   -26  6.033194599629692902e+02  2.9256558945e-04  6.6662557896e-02
   -27  5.956782518671734579e+02  2.9264011952e-04  6.6669802505e-02
   -28  5.880370444215590169e+02  2.9232973947e-04  6.6675282609e-02
   -29  5.803958809809668082e+02  2.9220274817e-04  6.6686195277e-02
   -30  5.727551453662717904e+02  2.9170410733e-04  6.6703662184e-02
   -31  5.651142982455121455e+02  2.9187787560e-04  6.6711821092e-02
   -32  5.574728579195435714e+02  2.9159657414e-04  6.6735287953e-02
   -33  5.498312463956509646e+02  2.9154155352e-04  6.6744521688e-02
   -34  5.421892724822919263e+02  2.9133201400e-04  6.6775040808e-02
   -35  5.345479570913116731e+02  2.9109888044e-04  6.6784919038e-02
   -36  5.269062363215418827e+02  2.9121821518e-04  6.6815649209e-02
   -37  5.192648858368975198e+02  2.9135025563e-04  6.6819950869e-02
   -38  5.116221377674699511e+02  2.9155244505e-04  6.6844807177e-02
   -39  5.039802651299908689e+02  2.9152446068e-04  6.6849866461e-02
   -40  4.963373454505587574e+02  2.9161846806e-04  6.6867802158e-02
   -41  4.886960295054182097e+02  2.9147591539e-04  6.6872048746e-02
   -42  4.810534660832515215e+02  2.9176222978e-04  6.6876277133e-02
   -43  4.734117939587138153e+02  2.9184825064e-04  6.6874868578e-02
   -44  4.657685914191788470e+02  2.9176317876e-04  6.6868367793e-02
   -45  4.581267319773524491e+02  2.9175355808e-04  6.6866639546e-02
   -46  4.504840651841330441e+02  2.9139403090e-04  6.6851124291e-02
   -47  4.428429214188731748e+02  2.9146240575e-04  6.6847567958e-02
   -48  4.352006947386855131e+02  2.9149410738e-04  6.6820164455e-02
   -49  4.275590003093009273e+02  2.9155476049e-04  6.6812800591e-02
   -50  4.199166369574429041e+02  2.9154330400e-04  6.6783991855e-02
   -51  4.122750939850403711e+02  2.9150683310e-04  6.6776671047e-02
   -52  4.046336783542294597e+02  2.9154932539e-04  6.6749688586e-02
   -53  3.969927950754717472e+02  2.9179869928e-04  6.6739133652e-02
   -54  3.893514469374898681e+02  2.9226032118e-04  6.6713033710e-02
   -55  3.817099950188522257e+02  2.9230367758e-04  6.6702591144e-02
   -56  3.740686546031041075e+02  2.9269782054e-04  6.6686764808e-02
   -57  3.664276321541130415e+02  2.9254842617e-04  6.6678152865e-02
   -58  3.587871153397126136e+02  2.9288733726e-04  6.6673076899e-02
   -59  3.511464118989012491e+02  2.9304364251e-04  6.6662159213e-02
   -60  3.435053268133211759e+02  2.9326969630e-04  6.6663897542e-02
   -61  3.358641411425834917e+02  2.9310710914e-04  6.6660311525e-02
   -62  3.282230056051076303e+02  2.9310753008e-04  6.6668913741e-02
   -63  3.205823275012674571e+02  2.9264020661e-04  6.6675847119e-02
   -64  3.129416746745823730e+02  2.9281240422e-04  6.6684696786e-02
   -65  3.053006292407258115e+02  2.9255242789e-04  6.6698496342e-02
   -66  2.976591656055200019e+02  2.9250950728e-04  6.6707974554e-02
   -67  2.900175387543859529e+02  2.9216852706e-04  6.6733174069e-02
   -68  2.823762234241514761e+02  2.9195991225e-04  6.6743884928e-02
   -69  2.747348890476959582e+02  2.9177076533e-04  6.6775203235e-02
   -70  2.670937432195205474e+02  2.9193200181e-04  6.6781122086e-02
   -71  2.594514487226505821e+02  2.9202987809e-04  6.6810503077e-02
   -72  2.518096386629296433e+02  2.9198917561e-04  6.6817201234e-02
   -73  2.441669266717312325e+02  2.9213221893e-04  6.6843685983e-02
   -74  2.365255490375827208e+02  2.9193163525e-04  6.6850193414e-02
   -75  2.288831701974561668e+02  2.9228800503e-04  6.6866827897e-02
   -76  2.212416207942134179e+02  2.9241959383e-04  6.6867351115e-02
   -77  2.135984226115117792e+02  2.9250789149e-04  6.6872506125e-02
   -78  2.059565110531355003e+02  2.9251015024e-04  6.6873243523e-02
   -79  1.983135589937450050e+02  2.9229401655e-04  6.6868246347e-02
   -80  1.906723124441805624e+02  2.9225012508e-04  6.6867716133e-02
   -81  1.830298903883905268e+02  2.9228965518e-04  6.6848682465e-02
   -82  1.753881993833247463e+02  2.9237987283e-04  6.6843141843e-02
   -83  1.677454587721010739e+02  2.9222608879e-04  6.6818198671e-02
   -84  1.601037519824936908e+02  2.9222670013e-04  6.6812366808e-02
   -85  1.524618341261353862e+02  2.9204861324e-04  6.6785016015e-02
   -86  1.448208668421306697e+02  2.9222054919e-04  6.6776918069e-02
   -87  1.371792856572137680e+02  2.9259041060e-04  6.6745778038e-02
   -88  1.295377462697801150e+02  2.9265085687e-04  6.6735662258e-02
   -89  1.218961131868057919e+02  2.9302393189e-04  6.6711741679e-02
   -90  1.142548661778434109e+02  2.9294807867e-04  6.6702623539e-02
   -91  1.066141288665272526e+02  2.9327347786e-04  6.6688161273e-02
   -92  9.897342514376124711e+01  2.9351035289e-04  6.6676034503e-02
   -93  9.133239269649250502e+01  2.9392818998e-04  6.6668459712e-02
   -94  8.369115080532525042e+01  2.9387631423e-04  6.6659773374e-02
   -95  7.605001520447508767e+01  2.9404933594e-04  6.6662868208e-02
   -96  6.840925081481090331e+01  2.9370949519e-04  6.6660740890e-02
   -97  6.076872742412197681e+01  2.9387485097e-04  6.6668839835e-02
   -98  5.312795783890591395e+01  2.9376131752e-04  6.6671404169e-02
