     0  8.026598244264556570e+02  3.3811898299e-04  4.9863980079e-02
     1  8.188780626299262622e+02  3.3816394818e-04  4.9861407653e-02
     2  8.350984921050062439e+02  3.3817004988e-04  4.9861425311e-02
     3  8.512774301554682097e+02  3.3680597863e-04  4.9908975097e-02
     4  8.675088044766667963e+02  3.3681799204e-04  4.9908536401e-02
     5  8.837383005868349528e+02  3.3677128058e-04  4.9911184793e-02
     6  8.999662054149102914e+02  3.3677285533e-04  4.9911021269e-02
     7  9.161957024432410890e+02  3.3682038724e-04  4.9908340187e-02
     8  9.324269809019774584e+02  3.3680126876e-04  4.9909907854e-02
     9  9.486435390978128908e+02  3.3877939081e-04  4.9797760631e-02
    10  9.648945831900317671e+02  3.3876325342e-04  4.9798720844e-02
    11  9.811432743970888168e+02  3.3872179198e-04  4.9801061904e-02
    12  9.973910100388595765e+02  3.3873761838e-04  4.9800092821e-02
    13  1.013640877424560244e+03  3.3878534670e-04  4.9797502132e-02
    14  1.029890699273751807e+03  3.3867458397e-04  4.9804907459e-02
    15  1.046134785758068801e+03  3.3882701050e-04  4.9743035613e-02
    16  1.062385232650990702e+03  3.3878687521e-04  4.9745260279e-02
    17  1.078633185002048322e+03  3.3875846784e-04  4.9746857427e-02
    18  1.094881166262759734e+03  3.3879066811e-04  4.9744973038e-02
    19  1.111131619045555908e+03  3.3882799977e-04  4.9743122064e-02
    20  1.127372428608799510e+03  3.3888538816e-04  4.9840752230e-02
    21  1.143602234510488415e+03  3.3897088995e-04  4.9836614070e-02
    22  1.159831884566190411e+03  3.3892335864e-04  4.9839297928e-02
    23  1.176059316015644072e+03  3.3890819222e-04  4.9840138128e-02
    24  1.192287508344671323e+03  3.3894921121e-04  4.9837789777e-02
    25  1.208518128759736783e+03  3.3897241757e-04  4.9836811662e-02
    26  1.224714858073329424e+03  3.3687776216e-04  5.0041978598e-02
    27  1.240934771834630965e+03  3.3692593123e-04  5.0040066304e-02
    28  1.257153488502716755e+03  3.3687813233e-04  5.0042804345e-02
    29  1.273370214066108019e+03  3.3686999095e-04  5.0043249496e-02
    30  1.289588029158343943e+03  3.3691406463e-04  5.0040741231e-02
    31  1.305808164740753227e+03  3.3692744636e-04  5.0040320836e-02
    32  1.321994276928405952e+03  3.3529574579e-04  5.0121164073e-02
    33  1.338233573459189756e+03  3.3531965728e-04  5.0120523625e-02
    34  1.354471165829633037e+03  3.3527304449e-04  5.0123202009e-02
    35  1.370707066879100694e+03  3.3527378378e-04  5.0123156528e-02
    36  1.386944482183524087e+03  3.3532136467e-04  5.0120474176e-02
    37  1.403183753083487318e+03  3.3530437268e-04  5.0121952171e-02
    38  1.419408323754279081e+03  3.3681210719e-04  5.0041224669e-02
    39  1.435660945609749660e+03  3.3679647754e-04  5.0042300120e-02
    40  1.451911206311858223e+03  3.3675603159e-04  5.0044626432e-02
    41  1.468160513337741577e+03  3.3677300773e-04  5.0043655080e-02
    42  1.484411959833138326e+03  3.3682065877e-04  5.0041042774e-02
    43  1.500663300170416505e+03  3.3670886728e-04  5.0049172979e-02
    44  1.516903135649609112e+03  3.3691378217e-04  4.9984707806e-02
    45  1.533149263256560062e+03  3.3687388481e-04  4.9986982223e-02
    46  1.549392889623795327e+03  3.3684637489e-04  4.9988581607e-02
    47  1.565636516313924631e+03  3.3687886201e-04  4.9986728997e-02
    -1  7.864428558104581271e+02  3.3812489720e-04  4.9863745407e-02
    -2  7.702240335696051261e+02  3.3817308712e-04  4.9861018150e-02
    -3  7.540037200378970965e+02  3.3814173576e-04  4.9862616325e-02
    -4  7.378047388489625291e+02  3.4130736765e-04  4.9678100752e-02
    -5  7.215654944852715289e+02  3.4128825747e-04  4.9678821158e-02
    -6  7.053286182105657645e+02  3.4124681441e-04  4.9681222948e-02
    -7  6.890926056769505976e+02  3.4126191891e-04  4.9680470560e-02
    -8  6.728544168355062993e+02  3.4131011946e-04  4.9677779436e-02
    -9  6.566160470023875178e+02  3.4122479312e-04  4.9682665568e-02
   -10  6.403722912179676996e+02  3.4145628843e-04  4.9603801399e-02
   -11  6.241201781572448226e+02  3.4141819475e-04  4.9605670613e-02
   -12  6.078705299062311269e+02  3.4138742316e-04  4.9607533090e-02
   -13  5.916208879457050216e+02  3.4141765459e-04  4.9605896133e-02
   -14  5.753687505814152701e+02  3.4145717952e-04  4.9603747442e-02
   -15  5.591238275744848352e+02  3.4136193891e-04  4.9671170884e-02
   -16  5.428784672725016662e+02  3.4146646874e-04  4.9664899675e-02
   -17  5.266331853340703901e+02  3.4141874708e-04  4.9667474548e-02
   -18  5.103900323276586164e+02  3.4140421546e-04  4.9668448489e-02
   -19  4.941459386328095320e+02  3.4144657844e-04  4.9666101422e-02
   -20  4.778994823327787458e+02  3.4146368624e-04  4.9665207542e-02
   -21  4.616930875904450886e+02  3.3905893668e-04  4.9814226689e-02
   -22  4.454694003944930500e+02  3.3908306449e-04  4.9812542974e-02
   -23  4.292473713445834278e+02  3.3903560249e-04  4.9815216246e-02
   -24  4.130270449307563467e+02  3.3903267339e-04  4.9815546139e-02
   -25  3.968052686210477873e+02  3.3907921093e-04  4.9812940503e-02
   -26  3.805814249971269874e+02  3.3907795447e-04  4.9813056223e-02
   -27  3.644060373105259032e+02  3.3889677529e-04  4.9822351268e-02
   -28  3.481838476534517213e+02  3.3890068231e-04  4.9821879485e-02
   -29  3.319636670295992644e+02  3.3885499668e-04  4.9824493908e-02
   -30  3.157449478007665107e+02  3.3885842278e-04  4.9824496843e-02
   -31  2.995245383115990307e+02  3.3890666395e-04  4.9821789557e-02
   -32  2.833023732867892477e+02  3.3888832801e-04  4.9822987981e-02
   -33  2.671015201339250211e+02  3.4174903475e-04  4.9681284187e-02
   -34  2.508570896473341918e+02  3.4173510767e-04  4.9681779372e-02
   -35  2.346149504584694228e+02  3.4169320442e-04  4.9684231667e-02
   -36  2.183738124541561092e+02  3.4170749173e-04  4.9683620697e-02
   -37  2.021305716945061022e+02  3.4175633681e-04  4.9680895690e-02
   -38  1.858869293360373831e+02  3.4167683758e-04  4.9686053356e-02
   -39  1.696438691767207843e+02  3.4215835087e-04  4.9607285619e-02
   -40  1.533917251751378501e+02  3.4212112385e-04  4.9609102019e-02
   -41  1.371420532672717911e+02  3.4209055447e-04  4.9611013120e-02
   -42  1.208924709554467682e+02  3.4212096321e-04  4.9609438028e-02
   -43  1.046404070393518850e+02  3.4216136175e-04  4.9607242667e-02
   -44  8.839478440436502638e+01  3.4224232108e-04  4.9670394199e-02
   -45  7.215447409856980698e+01  3.4235591826e-04  4.9664299266e-02
   -46  5.591400229806415467e+01  3.4230883519e-04  4.9666820854e-02
