     0  8.087064052694437351e+02  6.9751085219e-18  5.2746055875e-02
     1  8.222741625823259710e+02  6.9742838048e-18  5.2749962905e-02
     2  8.358453939335195173e+02  6.9850650175e-18  5.2690018610e-02
     3  8.494128707829936502e+02  6.9811698679e-18  5.2697107931e-02
     4  8.629804451684869946e+02  6.9820570011e-18  5.2693064712e-02
     5  8.765499135997521307e+02  6.9821589999e-18  5.2692621037e-02
     6  8.901179204508807743e+02  6.9812819610e-18  5.2696545636e-02
     7  9.036845038980702611e+02  6.9826446462e-18  5.2695062340e-02
     8  9.172633786401136149e+02  6.9659416652e-18  5.2812200969e-02
     9  9.308299875843155178e+02  6.9666189610e-18  5.2808735020e-02
    10  9.443990052779887492e+02  6.9671025729e-18  5.2806615944e-02
    11  9.579676207715292549e+02  6.9664029963e-18  5.2809700548e-02
    12  9.715338529421289877e+02  6.9661478318e-18  5.2811926141e-02
    13  9.851227998794963696e+02  6.9710167626e-18  5.2777223998e-02
    14  9.986897040394193255e+02  6.9709785057e-18  5.2775847792e-02
    15  1.012258842612141962e+03  6.9717499133e-18  5.2772438901e-02
    16  1.025828716279520449e+03  6.9713724093e-18  5.2774088367e-02
    17  1.039396273599205188e+03  6.9705960530e-18  5.2777858880e-02
    18  1.052970202690102269e+03  6.9844376563e-18  5.2688219199e-02
    19  1.066537393503034536e+03  6.9818934297e-18  5.2692023805e-02
    20  1.080105334401494019e+03  6.9827847624e-18  5.2687998647e-02
    21  1.093675005922137643e+03  6.9828041782e-18  5.2687914125e-02
    22  1.107243030173667194e+03  6.9819160234e-18  5.2691913941e-02
    23  1.120810048216106452e+03  6.9840056294e-18  5.2689142323e-02
    24  1.134384958526958826e+03  6.9683849002e-18  5.2793388651e-02
    25  1.147951606015221842e+03  6.9691341704e-18  5.2789704677e-02
    26  1.161520603571286301e+03  6.9695459088e-18  5.2787903676e-02
    27  1.175088971094164663e+03  6.9687963358e-18  5.2791215139e-02
    28  1.188655044661478769e+03  6.9687324348e-18  5.2792908998e-02
    29  1.202244530965743252e+03  6.9675222243e-18  5.2802701773e-02
    30  1.215811362362019963e+03  6.9676959415e-18  5.2800737994e-02
    31  1.229380537858392245e+03  6.9684198326e-18  5.2797544900e-02
    32  1.242950221984373684e+03  6.9679687326e-18  5.2799519808e-02
    33  1.256517518401327607e+03  6.9672565152e-18  5.2803100830e-02
    34  1.270094790066767018e+03  6.9829144431e-18  5.2695107727e-02
    35  1.283661856648748426e+03  6.9812444985e-18  5.2697310865e-02
    36  1.297230154023402520e+03  6.9821293580e-18  5.2693342797e-02
    37  1.310800003076610665e+03  6.9820659777e-18  5.2693618285e-02
    38  1.324368033373444860e+03  6.9811768665e-18  5.2697656139e-02
    39  1.337935612834764015e+03  6.9843524313e-18  5.2692688478e-02
    40  1.351507219004406352e+03  6.9716084904e-18  5.2768869691e-02
    41  1.365073998091856993e+03  6.9724132412e-18  5.2765022710e-02
    42  1.378643043406611923e+03  6.9727497784e-18  5.2763553195e-02
    43  1.392211235756141377e+03  6.9719566731e-18  5.2767064767e-02
    44  1.405777268452202406e+03  6.9721316668e-18  5.2768131741e-02
    45  1.419365785574826077e+03  6.9648536350e-18  5.2822085880e-02
    46  1.432932522633014059e+03  6.9651976795e-18  5.2819627847e-02
    47  1.446501671264136121e+03  6.9658679382e-18  5.2816675992e-02
    48  1.460071098240822494e+03  6.9653469697e-18  5.2818961325e-02
    49  1.473638092892319719e+03  6.9647167139e-18  5.2822295570e-02
    50  1.487218990934269186e+03  6.9804001084e-18  5.2711033788e-02
    51  1.500786005624272775e+03  6.9793361239e-18  5.2712071405e-02
    52  1.514354617015307667e+03  6.9802046487e-18  5.2708197078e-02
    53  1.527924587581235301e+03  6.9800589860e-18  5.2708830852e-02
    54  1.541492584125085614e+03  6.9791799353e-18  5.2712866898e-02
    55  1.555060916277348952e+03  6.9840862777e-18  5.2701553049e-02
    56  1.568630257491412976e+03  6.9749965372e-18  5.2743313844e-02
    -1  7.951364274111138002e+02  6.9754092824e-18  5.2744744144e-02
    -2  7.815674053622084330e+02  6.9745971786e-18  5.2748341070e-02
    -3  7.680004593745231887e+02  6.9749024476e-18  5.2749022352e-02
    -4  7.544133913670056018e+02  6.9648045432e-18  5.2821826611e-02
    -5  7.408469126815872414e+02  6.9652142379e-18  5.2819153322e-02
    -6  7.272780008290288833e+02  6.9658579646e-18  5.2816320235e-02
    -7  7.137089177802141648e+02  6.9653063164e-18  5.2818741447e-02
    -8  7.001422746738802516e+02  6.9647198685e-18  5.2821929399e-02
    -9  6.865593806430568975e+02  6.9802051762e-18  5.2710482391e-02
   -10  6.729931123611686417e+02  6.9793607234e-18  5.2710954385e-02
   -11  6.594251011288400832e+02  6.9802172960e-18  5.2707139771e-02
   -12  6.458558262423906626e+02  6.9800336342e-18  5.2707939245e-02
   -13  6.322885914006019448e+02  6.9791622162e-18  5.2711958964e-02
   -14  6.187204875475833887e+02  6.9852530996e-18  5.2694336489e-02
   -15  6.051511165529440177e+02  6.9778317608e-18  5.2723088786e-02
   -16  5.915832288266707337e+02  6.9786906391e-18  5.2719094372e-02
   -17  5.780132386248701550e+02  6.9789121228e-18  5.2718129943e-02
   -18  5.644444172363098460e+02  6.9780668848e-18  5.2721884884e-02
   -19  5.508774562595083353e+02  6.9787149439e-18  5.2721746132e-02
   -20  5.372932746990727537e+02  6.9648834124e-18  5.2821130032e-02
   -21  5.237265001863097496e+02  6.9654183533e-18  5.2818084090e-02
   -22  5.101572779824858230e+02  6.9660009302e-18  5.2815524956e-02
   -23  4.965881170588558007e+02  6.9653855958e-18  5.2818229904e-02
   -24  4.830213970578738554e+02  6.9649121654e-18  5.2821073835e-02
   -25  4.694350821226589687e+02  6.9769312432e-18  5.2733152628e-02
   -26  4.558690000640196445e+02  6.9764738388e-18  5.2732771527e-02
   -27  4.423009309156642530e+02  6.9773013717e-18  5.2729099501e-02
   -28  4.287318063625727973e+02  6.9770376415e-18  5.2730248939e-02
   -29  4.151648485483876243e+02  6.9761943755e-18  5.2734200805e-02
   -30  4.015954201086632906e+02  6.9855504692e-18  5.2690147636e-02
   -31  3.880271939123675793e+02  6.9807716081e-18  5.2700768801e-02
   -32  3.744592419393939053e+02  6.9816517109e-18  5.2696732669e-02
   -33  3.608893257294539012e+02  6.9817920396e-18  5.2696122400e-02
   -34  3.473207816378987900e+02  6.9809219992e-18  5.2700003096e-02
   -35  3.337538129302321863e+02  6.9820224491e-18  5.2698893422e-02
   -36  3.201731066215306782e+02  6.9663313672e-18  5.2810153900e-02
   -37  3.066060262273689432e+02  6.9669674694e-18  5.2806803120e-02
   -38  2.930365155584952959e+02  6.9674841233e-18  5.2804537988e-02
   -39  2.794672983824818857e+02  6.9668100057e-18  5.2807505841e-02
   -40  2.659004896084910001e+02  6.9664763425e-18  5.2809932264e-02
   -41  2.523118861072265418e+02  6.9733167865e-18  5.2759094281e-02
   -42  2.387458536323282488e+02  6.9731580473e-18  5.2757985279e-02
   -43  2.251776512368161605e+02  6.9739487192e-18  5.2754486440e-02
   -44  2.116086101273684790e+02  6.9736071507e-18  5.2755977473e-02
   -45  1.980418412453988992e+02  6.9728055464e-18  5.2759813983e-02
   -46  1.844700377652652890e+02  6.9858060308e-18  5.2681228432e-02
   -47  1.709025652981854932e+02  6.9827093508e-18  5.2685982208e-02
   -48  1.573346005356103205e+02  6.9835987968e-18  5.2681946866e-02
   -49  1.437648278770072068e+02  6.9836567882e-18  5.2681694926e-02
   -50  1.301966189381197410e+02  6.9827710651e-18  5.2685666867e-02
   -51  1.166296129653192111e+02  6.9844923394e-18  5.2683375479e-02
   -52  1.030525238433398840e+02  6.9689151549e-18  5.2790608646e-02
   -53  8.948516167799580501e+01  6.9696320310e-18  5.2787014968e-02
   -54  7.591541574798601744e+01  6.9700785219e-18  5.2785061327e-02
   -55  6.234619344019088061e+01  6.9693511340e-18  5.2788268830e-02
